{"/Users/jtamedrano/Projects/bolt/bolt_backend/src/index.ts": {"path":"/Users/jtamedrano/Projects/bolt/bolt_backend/src/index.ts","statementMap":{"0":{"start":{"line":1,"column":0},"end":{"line":1,"column":53}},"1":{"start":{"line":2,"column":0},"end":{"line":2,"column":30}},"2":{"start":{"line":4,"column":0},"end":{"line":4,"column":60}},"3":{"start":{"line":5,"column":0},"end":{"line":5,"column":40}},"4":{"start":{"line":6,"column":0},"end":{"line":6,"column":51}},"5":{"start":{"line":7,"column":0},"end":{"line":7,"column":64}},"6":{"start":{"line":8,"column":0},"end":{"line":8,"column":45}},"7":{"start":{"line":9,"column":0},"end":{"line":9,"column":46}},"8":{"start":{"line":10,"column":0},"end":{"line":10,"column":28}},"9":{"start":{"line":11,"column":0},"end":{"line":11,"column":47}},"10":{"start":{"line":14,"column":0},"end":{"line":14,"column":16}},"11":{"start":{"line":15,"column":13},"end":{"line":15,"column":41}},"12":{"start":{"line":17,"column":13},"end":{"line":17,"column":29}},"13":{"start":{"line":19,"column":0},"end":{"line":19,"column":35}},"14":{"start":{"line":21,"column":15},"end":{"line":28,"column":2}},"15":{"start":{"line":24,"column":70},"end":{"line":27,"column":null}},"16":{"start":{"line":25,"column":2},"end":{"line":25,"column":33}},"17":{"start":{"line":26,"column":2},"end":{"line":26,"column":39}},"18":{"start":{"line":30,"column":12},"end":{"line":30,"column":21}},"19":{"start":{"line":32,"column":0},"end":{"line":32,"column":26}},"20":{"start":{"line":34,"column":0},"end":{"line":34,"column":20}},"21":{"start":{"line":36,"column":0},"end":{"line":36,"column":32}},"22":{"start":{"line":38,"column":0},"end":{"line":38,"column":13}},"23":{"start":{"line":40,"column":0},"end":{"line":46,"column":null}},"24":{"start":{"line":41,"column":1},"end":{"line":45,"column":3}},"25":{"start":{"line":42,"column":2},"end":{"line":43,"column":null}}},"fnMap":{"0":{"name":"(anonymous_8)","decl":{"start":{"line":24,"column":10},"end":{"line":24,"column":17}},"loc":{"start":{"line":24,"column":70},"end":{"line":27,"column":null}}},"1":{"name":"(anonymous_9)","decl":{"start":{"line":24,"column":70},"end":{"line":24,"column":null}},"loc":{"start":{"line":24,"column":70},"end":{"line":27,"column":2}}},"2":{"name":"(anonymous_10)","decl":{"start":{"line":41,"column":35},"end":{"line":41,"column":38}},"loc":{"start":{"line":42,"column":2},"end":{"line":43,"column":null}}}},"branchMap":{"0":{"loc":{"start":{"line":40,"column":0},"end":{"line":46,"column":null}},"type":"if","locations":[{"start":{"line":40,"column":0},"end":{"line":46,"column":null}},{"start":{"line":40,"column":0},"end":{"line":46,"column":null}}]}},"s":{"0":2,"1":2,"2":2,"3":2,"4":2,"5":2,"6":2,"7":2,"8":2,"9":2,"10":2,"11":2,"12":2,"13":2,"14":2,"15":0,"16":0,"17":0,"18":2,"19":2,"20":2,"21":2,"22":2,"23":2,"24":0,"25":0},"f":{"0":0,"1":0,"2":0},"b":{"0":[0,2]}}
,"/Users/jtamedrano/Projects/bolt/bolt_backend/src/Services/Authentication.ts": {"path":"/Users/jtamedrano/Projects/bolt/bolt_backend/src/Services/Authentication.ts","statementMap":{"0":{"start":{"line":1,"column":0},"end":{"line":1,"column":30}},"1":{"start":{"line":2,"column":0},"end":{"line":2,"column":31}},"2":{"start":{"line":3,"column":0},"end":{"line":3,"column":34}},"3":{"start":{"line":9,"column":2},"end":{"line":9,"column":27}},"4":{"start":{"line":13,"column":15},"end":{"line":13,"column":43}},"5":{"start":{"line":15,"column":2},"end":{"line":15,"column":52}},"6":{"start":{"line":19,"column":2},"end":{"line":19,"column":59}},"7":{"start":{"line":5,"column":0},"end":{"line":5,"column":13}},"8":{"start":{"line":23,"column":23},"end":{"line":43,"column":2}},"9":{"start":{"line":25,"column":21},"end":{"line":43,"column":2}},"10":{"start":{"line":26,"column":37},"end":{"line":28,"column":3}},"11":{"start":{"line":30,"column":1},"end":{"line":30,"column":30}},"12":{"start":{"line":32,"column":1},"end":{"line":32,"column":30}},"13":{"start":{"line":34,"column":16},"end":{"line":37,"column":null}},"14":{"start":{"line":40,"column":1},"end":{"line":40,"column":55}},"15":{"start":{"line":42,"column":1},"end":{"line":42,"column":15}},"16":{"start":{"line":23,"column":13},"end":{"line":23,"column":23}}},"fnMap":{"0":{"name":"(anonymous_8)","decl":{"start":{"line":8,"column":1},"end":{"line":8,"column":13}},"loc":{"start":{"line":8,"column":29},"end":{"line":10,"column":2}}},"1":{"name":"(anonymous_9)","decl":{"start":{"line":12,"column":7},"end":{"line":12,"column":19}},"loc":{"start":{"line":12,"column":19},"end":{"line":16,"column":null}}},"2":{"name":"(anonymous_11)","decl":{"start":{"line":18,"column":7},"end":{"line":18,"column":21}},"loc":{"start":{"line":18,"column":38},"end":{"line":20,"column":null}}},"3":{"name":"(anonymous_13)","decl":{"start":{"line":23,"column":23},"end":{"line":23,"column":null}},"loc":{"start":{"line":25,"column":21},"end":{"line":43,"column":2}}},"4":{"name":"(anonymous_14)","decl":{"start":{"line":25,"column":21},"end":{"line":25,"column":null}},"loc":{"start":{"line":25,"column":21},"end":{"line":43,"column":1}}}},"branchMap":{},"s":{"0":2,"1":2,"2":2,"3":2,"4":2,"5":2,"6":0,"7":2,"8":2,"9":1,"10":1,"11":1,"12":1,"13":1,"14":1,"15":1,"16":2},"f":{"0":2,"1":2,"2":0,"3":1,"4":1},"b":{}}
,"/Users/jtamedrano/Projects/bolt/bolt_backend/src/Services/Context.ts": {"path":"/Users/jtamedrano/Projects/bolt/bolt_backend/src/Services/Context.ts","statementMap":{"0":{"start":{"line":2,"column":0},"end":{"line":2,"column":41}},"1":{"start":{"line":3,"column":0},"end":{"line":3,"column":52}},"2":{"start":{"line":4,"column":0},"end":{"line":4,"column":31}},"3":{"start":{"line":14,"column":2},"end":{"line":14,"column":21}},"4":{"start":{"line":15,"column":2},"end":{"line":15,"column":22}},"5":{"start":{"line":16,"column":2},"end":{"line":16,"column":21}},"6":{"start":{"line":20,"column":2},"end":{"line":20,"column":43}},"7":{"start":{"line":22,"column":2},"end":{"line":22,"column":26}},"8":{"start":{"line":26,"column":2},"end":{"line":28,"column":4}},"9":{"start":{"line":29,"column":2},"end":{"line":37,"column":null}},"10":{"start":{"line":33,"column":3},"end":{"line":33,"column":51}},"11":{"start":{"line":34,"column":19},"end":{"line":34,"column":52}},"12":{"start":{"line":36,"column":3},"end":{"line":36,"column":42}},"13":{"start":{"line":41,"column":2},"end":{"line":44,"column":null}},"14":{"start":{"line":42,"column":3},"end":{"line":42,"column":35}},"15":{"start":{"line":43,"column":3},"end":{"line":43,"column":54}},"16":{"start":{"line":46,"column":23},"end":{"line":46,"column":45}},"17":{"start":{"line":48,"column":2},"end":{"line":51,"column":null}},"18":{"start":{"line":49,"column":3},"end":{"line":49,"column":65}},"19":{"start":{"line":50,"column":3},"end":{"line":50,"column":45}},"20":{"start":{"line":53,"column":2},"end":{"line":56,"column":4}},"21":{"start":{"line":60,"column":2},"end":{"line":66,"column":4}},"22":{"start":{"line":6,"column":0},"end":{"line":6,"column":13}},"23":{"start":{"line":70,"column":29},"end":{"line":81,"column":2}},"24":{"start":{"line":73,"column":37},"end":{"line":81,"column":2}},"25":{"start":{"line":74,"column":17},"end":{"line":74,"column":57}},"26":{"start":{"line":76,"column":1},"end":{"line":79,"column":null}},"27":{"start":{"line":70,"column":13},"end":{"line":70,"column":29}}},"fnMap":{"0":{"name":"(anonymous_8)","decl":{"start":{"line":13,"column":1},"end":{"line":13,"column":13}},"loc":{"start":{"line":13,"column":44},"end":{"line":17,"column":2}}},"1":{"name":"(anonymous_9)","decl":{"start":{"line":19,"column":7},"end":{"line":19,"column":17}},"loc":{"start":{"line":19,"column":17},"end":{"line":23,"column":null}}},"2":{"name":"(anonymous_11)","decl":{"start":{"line":25,"column":7},"end":{"line":25,"column":19}},"loc":{"start":{"line":25,"column":19},"end":{"line":38,"column":null}}},"3":{"name":"(anonymous_13)","decl":{"start":{"line":40,"column":7},"end":{"line":40,"column":27}},"loc":{"start":{"line":40,"column":27},"end":{"line":57,"column":null}}},"4":{"name":"(anonymous_15)","decl":{"start":{"line":59,"column":1},"end":{"line":59,"column":10}},"loc":{"start":{"line":59,"column":10},"end":{"line":67,"column":2}}},"5":{"name":"(anonymous_16)","decl":{"start":{"line":70,"column":29},"end":{"line":70,"column":null}},"loc":{"start":{"line":73,"column":37},"end":{"line":81,"column":2}}},"6":{"name":"(anonymous_17)","decl":{"start":{"line":73,"column":37},"end":{"line":73,"column":null}},"loc":{"start":{"line":73,"column":37},"end":{"line":81,"column":1}}}},"branchMap":{"0":{"loc":{"start":{"line":29,"column":2},"end":{"line":37,"column":null}},"type":"if","locations":[{"start":{"line":29,"column":2},"end":{"line":37,"column":null}},{"start":{"line":29,"column":2},"end":{"line":37,"column":null}}]},"1":{"loc":{"start":{"line":30,"column":3},"end":{"line":30,"column":37}},"type":"binary-expr","locations":[{"start":{"line":30,"column":3},"end":{"line":30,"column":37}},{"start":{"line":31,"column":3},"end":{"line":31,"column":48}}]},"2":{"loc":{"start":{"line":41,"column":2},"end":{"line":44,"column":null}},"type":"if","locations":[{"start":{"line":41,"column":2},"end":{"line":44,"column":null}},{"start":{"line":41,"column":2},"end":{"line":44,"column":null}}]},"3":{"loc":{"start":{"line":48,"column":2},"end":{"line":51,"column":null}},"type":"if","locations":[{"start":{"line":48,"column":2},"end":{"line":51,"column":null}},{"start":{"line":48,"column":2},"end":{"line":51,"column":null}}]},"4":{"loc":{"start":{"line":79,"column":35},"end":{"line":79,"column":39}},"type":"cond-expr","locations":[{"start":{"line":79,"column":35},"end":{"line":79,"column":39}},{"start":{"line":79,"column":42},"end":{"line":79,"column":47}}]}},"s":{"0":2,"1":2,"2":2,"3":3,"4":3,"5":3,"6":3,"7":3,"8":3,"9":3,"10":0,"11":0,"12":0,"13":0,"14":0,"15":0,"16":0,"17":0,"18":0,"19":0,"20":0,"21":3,"22":2,"23":2,"24":3,"25":3,"26":3,"27":2},"f":{"0":3,"1":3,"2":3,"3":0,"4":3,"5":3,"6":3},"b":{"0":[0,3],"1":[3,0],"2":[0,0],"3":[0,0],"4":[0,3]}}
,"/Users/jtamedrano/Projects/bolt/bolt_backend/src/Services/Email.ts": {"path":"/Users/jtamedrano/Projects/bolt/bolt_backend/src/Services/Email.ts","statementMap":{"0":{"start":{"line":1,"column":0},"end":{"line":1,"column":36}},"1":{"start":{"line":2,"column":0},"end":{"line":2,"column":34}},"2":{"start":{"line":3,"column":0},"end":{"line":3,"column":31}},"3":{"start":{"line":4,"column":0},"end":{"line":4,"column":41}},"4":{"start":{"line":6,"column":24},"end":{"line":6,"column":52}},"5":{"start":{"line":9,"column":1},"end":{"line":9,"column":27}},"6":{"start":{"line":13,"column":2},"end":{"line":13,"column":41}},"7":{"start":{"line":14,"column":2},"end":{"line":14,"column":25}},"8":{"start":{"line":23,"column":2},"end":{"line":48,"column":null}},"9":{"start":{"line":24,"column":3},"end":{"line":24,"column":15}},"10":{"start":{"line":26,"column":3},"end":{"line":26,"column":43}},"11":{"start":{"line":28,"column":15},"end":{"line":34,"column":5}},"12":{"start":{"line":36,"column":3},"end":{"line":45,"column":7}},"13":{"start":{"line":39,"column":5},"end":{"line":39,"column":47}},"14":{"start":{"line":40,"column":5},"end":{"line":40,"column":17}},"15":{"start":{"line":43,"column":5},"end":{"line":43,"column":61}},"16":{"start":{"line":44,"column":5},"end":{"line":44,"column":18}},"17":{"start":{"line":47,"column":3},"end":{"line":47,"column":15}},"18":{"start":{"line":54,"column":38},"end":{"line":56,"column":4}},"19":{"start":{"line":57,"column":16},"end":{"line":69,"column":null}},"20":{"start":{"line":72,"column":2},"end":{"line":72,"column":15}},"21":{"start":{"line":75,"column":38},"end":{"line":77,"column":4}},"22":{"start":{"line":79,"column":16},"end":{"line":90,"column":null}},"23":{"start":{"line":93,"column":2},"end":{"line":93,"column":15}},"24":{"start":{"line":8,"column":0},"end":{"line":8,"column":13}}},"fnMap":{"0":{"name":"(anonymous_8)","decl":{"start":{"line":12,"column":1},"end":{"line":12,"column":13}},"loc":{"start":{"line":12,"column":67},"end":{"line":15,"column":2}}},"1":{"name":"(anonymous_9)","decl":{"start":{"line":17,"column":7},"end":{"line":17,"column":21}},"loc":{"start":{"line":21,"column":14},"end":{"line":49,"column":null}}},"2":{"name":"(anonymous_11)","decl":{"start":{"line":38,"column":10},"end":{"line":38,"column":13}},"loc":{"start":{"line":38,"column":15},"end":{"line":41,"column":5}}},"3":{"name":"(anonymous_12)","decl":{"start":{"line":42,"column":11},"end":{"line":42,"column":16}},"loc":{"start":{"line":42,"column":19},"end":{"line":45,"column":5}}},"4":{"name":"(anonymous_13)","decl":{"start":{"line":50,"column":7},"end":{"line":50,"column":28}},"loc":{"start":{"line":53,"column":2},"end":{"line":73,"column":null}}},"5":{"name":"(anonymous_15)","decl":{"start":{"line":74,"column":7},"end":{"line":74,"column":23}},"loc":{"start":{"line":74,"column":38},"end":{"line":94,"column":null}}}},"branchMap":{"0":{"loc":{"start":{"line":13,"column":22},"end":{"line":13,"column":34}},"type":"cond-expr","locations":[{"start":{"line":13,"column":22},"end":{"line":13,"column":34}},{"start":{"line":13,"column":38},"end":{"line":13,"column":40}}]},"1":{"loc":{"start":{"line":13,"column":22},"end":{"line":13,"column":38}},"type":"binary-expr","locations":[{"start":{"line":13,"column":22},"end":{"line":13,"column":38}},{"start":{"line":13,"column":22},"end":{"line":13,"column":38}}]},"2":{"loc":{"start":{"line":23,"column":2},"end":{"line":48,"column":null}},"type":"if","locations":[{"start":{"line":23,"column":2},"end":{"line":48,"column":null}},{"start":{"line":23,"column":2},"end":{"line":48,"column":null}}]},"3":{"loc":{"start":{"line":63,"column":8},"end":{"line":63,"column":21}},"type":"cond-expr","locations":[{"start":{"line":63,"column":8},"end":{"line":63,"column":21}},{"start":{"line":64,"column":8},"end":{"line":64,"column":29}}]},"4":{"loc":{"start":{"line":67,"column":6},"end":{"line":67,"column":19}},"type":"cond-expr","locations":[{"start":{"line":67,"column":6},"end":{"line":67,"column":19}},{"start":{"line":68,"column":6},"end":{"line":68,"column":27}}]},"5":{"loc":{"start":{"line":84,"column":8},"end":{"line":84,"column":21}},"type":"cond-expr","locations":[{"start":{"line":84,"column":8},"end":{"line":84,"column":21}},{"start":{"line":85,"column":8},"end":{"line":85,"column":29}}]},"6":{"loc":{"start":{"line":88,"column":6},"end":{"line":88,"column":19}},"type":"cond-expr","locations":[{"start":{"line":88,"column":6},"end":{"line":88,"column":19}},{"start":{"line":89,"column":6},"end":{"line":89,"column":27}}]}},"s":{"0":2,"1":2,"2":2,"3":2,"4":2,"5":2,"6":2,"7":2,"8":2,"9":2,"10":0,"11":0,"12":0,"13":0,"14":0,"15":0,"16":0,"17":0,"18":1,"19":1,"20":1,"21":1,"22":1,"23":1,"24":2},"f":{"0":2,"1":2,"2":0,"3":0,"4":1,"5":1},"b":{"0":[0,2],"1":[2,2],"2":[2,0],"3":[1,0],"4":[1,0],"5":[1,0],"6":[1,0]}}
,"/Users/jtamedrano/Projects/bolt/bolt_backend/src/Services/Sentry.ts": {"path":"/Users/jtamedrano/Projects/bolt/bolt_backend/src/Services/Sentry.ts","statementMap":{"0":{"start":{"line":1,"column":0},"end":{"line":1,"column":39}},"1":{"start":{"line":4,"column":0},"end":{"line":4,"column":34}},"2":{"start":{"line":6,"column":26},"end":{"line":23,"column":1}},"3":{"start":{"line":7,"column":1},"end":{"line":13,"column":4}},"4":{"start":{"line":15,"column":21},"end":{"line":18,"column":3}},"5":{"start":{"line":20,"column":1},"end":{"line":22,"column":4}},"6":{"start":{"line":21,"column":2},"end":{"line":21,"column":29}},"7":{"start":{"line":6,"column":13},"end":{"line":6,"column":26}}},"fnMap":{"0":{"name":"(anonymous_6)","decl":{"start":{"line":6,"column":26},"end":{"line":6,"column":29}},"loc":{"start":{"line":6,"column":31},"end":{"line":23,"column":1}}},"1":{"name":"(anonymous_7)","decl":{"start":{"line":20,"column":23},"end":{"line":20,"column":28}},"loc":{"start":{"line":20,"column":31},"end":{"line":22,"column":2}}}},"branchMap":{},"s":{"0":2,"1":2,"2":2,"3":2,"4":2,"5":2,"6":2,"7":2},"f":{"0":2,"1":2},"b":{}}
,"/Users/jtamedrano/Projects/bolt/bolt_backend/src/models/AdminModel.ts": {"path":"/Users/jtamedrano/Projects/bolt/bolt_backend/src/models/AdminModel.ts","statementMap":{"0":{"start":{"line":1,"column":0},"end":{"line":1,"column":36}},"1":{"start":{"line":15,"column":2},"end":{"line":15,"column":23}},"2":{"start":{"line":19,"column":0},"end":{"line":19,"column":26}}},"fnMap":{"0":{"name":"(anonymous_1)","decl":{"start":{"line":14,"column":1},"end":{"line":14,"column":7}},"loc":{"start":{"line":14,"column":21},"end":{"line":16,"column":2}}}},"branchMap":{},"s":{"0":2,"1":15,"2":2},"f":{"0":15},"b":{}}
,"/Users/jtamedrano/Projects/bolt/bolt_backend/src/models/AppFeedback.ts": {"path":"/Users/jtamedrano/Projects/bolt/bolt_backend/src/models/AppFeedback.ts","statementMap":{"0":{"start":{"line":1,"column":0},"end":{"line":1,"column":36}},"1":{"start":{"line":15,"column":2},"end":{"line":15,"column":24}},"2":{"start":{"line":19,"column":0},"end":{"line":19,"column":27}}},"fnMap":{"0":{"name":"(anonymous_1)","decl":{"start":{"line":14,"column":1},"end":{"line":14,"column":7}},"loc":{"start":{"line":14,"column":21},"end":{"line":16,"column":2}}}},"branchMap":{},"s":{"0":2,"1":0,"2":2},"f":{"0":0},"b":{}}
,"/Users/jtamedrano/Projects/bolt/bolt_backend/src/models/BaseModel.ts": {"path":"/Users/jtamedrano/Projects/bolt/bolt_backend/src/models/BaseModel.ts","statementMap":{"0":{"start":{"line":1,"column":0},"end":{"line":1,"column":34}},"1":{"start":{"line":2,"column":0},"end":{"line":2,"column":24}},"2":{"start":{"line":4,"column":0},"end":{"line":4,"column":35}},"3":{"start":{"line":6,"column":13},"end":{"line":6,"column":39}},"4":{"start":{"line":8,"column":0},"end":{"line":8,"column":17}},"5":{"start":{"line":12,"column":0},"end":{"line":12,"column":25}}},"fnMap":{},"branchMap":{},"s":{"0":2,"1":2,"2":2,"3":2,"4":2,"5":2},"f":{},"b":{}}
,"/Users/jtamedrano/Projects/bolt/bolt_backend/src/models/ChangeLogModel.ts": {"path":"/Users/jtamedrano/Projects/bolt/bolt_backend/src/models/ChangeLogModel.ts","statementMap":{"0":{"start":{"line":1,"column":0},"end":{"line":1,"column":36}},"1":{"start":{"line":12,"column":2},"end":{"line":12,"column":22}},"2":{"start":{"line":16,"column":0},"end":{"line":16,"column":25}}},"fnMap":{"0":{"name":"(anonymous_1)","decl":{"start":{"line":11,"column":1},"end":{"line":11,"column":7}},"loc":{"start":{"line":11,"column":21},"end":{"line":13,"column":2}}}},"branchMap":{},"s":{"0":2,"1":0,"2":2},"f":{"0":0},"b":{}}
,"/Users/jtamedrano/Projects/bolt/bolt_backend/src/models/Chat.ts": {"path":"/Users/jtamedrano/Projects/bolt/bolt_backend/src/models/Chat.ts","statementMap":{"0":{"start":{"line":1,"column":0},"end":{"line":1,"column":36}},"1":{"start":{"line":2,"column":0},"end":{"line":2,"column":32}},"2":{"start":{"line":14,"column":2},"end":{"line":14,"column":17}},"3":{"start":{"line":17,"column":8},"end":{"line":26,"column":3}},"4":{"start":{"line":29,"column":0},"end":{"line":29,"column":20}}},"fnMap":{"0":{"name":"(anonymous_1)","decl":{"start":{"line":13,"column":1},"end":{"line":13,"column":7}},"loc":{"start":{"line":13,"column":21},"end":{"line":15,"column":2}}}},"branchMap":{},"s":{"0":2,"1":2,"2":0,"3":2,"4":2},"f":{"0":0},"b":{}}
,"/Users/jtamedrano/Projects/bolt/bolt_backend/src/models/ChatGroup.ts": {"path":"/Users/jtamedrano/Projects/bolt/bolt_backend/src/models/ChatGroup.ts","statementMap":{"0":{"start":{"line":1,"column":0},"end":{"line":1,"column":36}},"1":{"start":{"line":2,"column":0},"end":{"line":2,"column":26}},"2":{"start":{"line":14,"column":2},"end":{"line":14,"column":23}},"3":{"start":{"line":17,"column":8},"end":{"line":26,"column":3}},"4":{"start":{"line":29,"column":0},"end":{"line":29,"column":25}}},"fnMap":{"0":{"name":"(anonymous_1)","decl":{"start":{"line":13,"column":1},"end":{"line":13,"column":7}},"loc":{"start":{"line":13,"column":21},"end":{"line":15,"column":2}}}},"branchMap":{},"s":{"0":2,"1":2,"2":0,"3":2,"4":2},"f":{"0":0},"b":{}}
,"/Users/jtamedrano/Projects/bolt/bolt_backend/src/models/ChatUsers.ts": {"path":"/Users/jtamedrano/Projects/bolt/bolt_backend/src/models/ChatUsers.ts","statementMap":{"0":{"start":{"line":1,"column":0},"end":{"line":1,"column":36}},"1":{"start":{"line":10,"column":2},"end":{"line":10,"column":22}},"2":{"start":{"line":14,"column":0},"end":{"line":14,"column":25}}},"fnMap":{"0":{"name":"(anonymous_1)","decl":{"start":{"line":9,"column":1},"end":{"line":9,"column":7}},"loc":{"start":{"line":9,"column":21},"end":{"line":11,"column":2}}}},"branchMap":{},"s":{"0":2,"1":0,"2":2},"f":{"0":0},"b":{}}
,"/Users/jtamedrano/Projects/bolt/bolt_backend/src/models/Message.ts": {"path":"/Users/jtamedrano/Projects/bolt/bolt_backend/src/models/Message.ts","statementMap":{"0":{"start":{"line":1,"column":0},"end":{"line":1,"column":36}},"1":{"start":{"line":11,"column":2},"end":{"line":11,"column":20}},"2":{"start":{"line":15,"column":0},"end":{"line":15,"column":23}}},"fnMap":{"0":{"name":"(anonymous_1)","decl":{"start":{"line":10,"column":1},"end":{"line":10,"column":7}},"loc":{"start":{"line":10,"column":21},"end":{"line":12,"column":2}}}},"branchMap":{},"s":{"0":2,"1":0,"2":2},"f":{"0":0},"b":{}}
,"/Users/jtamedrano/Projects/bolt/bolt_backend/src/models/User.ts": {"path":"/Users/jtamedrano/Projects/bolt/bolt_backend/src/models/User.ts","statementMap":{"0":{"start":{"line":1,"column":0},"end":{"line":1,"column":36}},"1":{"start":{"line":2,"column":0},"end":{"line":2,"column":32}},"2":{"start":{"line":3,"column":0},"end":{"line":3,"column":36}},"3":{"start":{"line":18,"column":2},"end":{"line":18,"column":17}},"4":{"start":{"line":21,"column":8},"end":{"line":42,"column":3}},"5":{"start":{"line":45,"column":0},"end":{"line":45,"column":20}}},"fnMap":{"0":{"name":"(anonymous_1)","decl":{"start":{"line":17,"column":1},"end":{"line":17,"column":7}},"loc":{"start":{"line":17,"column":21},"end":{"line":19,"column":2}}}},"branchMap":{},"s":{"0":2,"1":2,"2":2,"3":12,"4":2,"5":2},"f":{"0":12},"b":{}}
,"/Users/jtamedrano/Projects/bolt/bolt_backend/src/models/UserGroups.ts": {"path":"/Users/jtamedrano/Projects/bolt/bolt_backend/src/models/UserGroups.ts","statementMap":{"0":{"start":{"line":1,"column":0},"end":{"line":1,"column":36}},"1":{"start":{"line":9,"column":2},"end":{"line":9,"column":23}},"2":{"start":{"line":13,"column":0},"end":{"line":13,"column":26}}},"fnMap":{"0":{"name":"(anonymous_1)","decl":{"start":{"line":8,"column":1},"end":{"line":8,"column":7}},"loc":{"start":{"line":8,"column":21},"end":{"line":10,"column":2}}}},"branchMap":{},"s":{"0":2,"1":0,"2":2},"f":{"0":0},"b":{}}
,"/Users/jtamedrano/Projects/bolt/bolt_backend/src/models/db-config.ts": {"path":"/Users/jtamedrano/Projects/bolt/bolt_backend/src/models/db-config.ts","statementMap":{"0":{"start":{"line":1,"column":0},"end":{"line":1,"column":28}},"1":{"start":{"line":2,"column":0},"end":{"line":2,"column":16}},"2":{"start":{"line":4,"column":11},"end":{"line":4,"column":24}},"3":{"start":{"line":5,"column":0},"end":{"line":5,"column":23}},"4":{"start":{"line":7,"column":15},"end":{"line":12,"column":2}},"5":{"start":{"line":14,"column":0},"end":{"line":14,"column":22}}},"fnMap":{},"branchMap":{},"s":{"0":2,"1":2,"2":2,"3":2,"4":2,"5":2},"f":{},"b":{}}
,"/Users/jtamedrano/Projects/bolt/bolt_backend/src/resolvers/admin.ts": {"path":"/Users/jtamedrano/Projects/bolt/bolt_backend/src/resolvers/admin.ts","statementMap":{"0":{"start":{"line":1,"column":0},"end":{"line":1,"column":59}},"1":{"start":{"line":3,"column":0},"end":{"line":3,"column":35}},"2":{"start":{"line":4,"column":0},"end":{"line":4,"column":26}},"3":{"start":{"line":5,"column":0},"end":{"line":5,"column":46}},"4":{"start":{"line":6,"column":0},"end":{"line":6,"column":69}},"5":{"start":{"line":7,"column":0},"end":{"line":7,"column":49}},"6":{"start":{"line":9,"column":21},"end":{"line":38,"column":2}},"7":{"start":{"line":13,"column":30},"end":{"line":38,"column":2}},"8":{"start":{"line":14,"column":1},"end":{"line":16,"column":null}},"9":{"start":{"line":15,"column":2},"end":{"line":15,"column":36}},"10":{"start":{"line":18,"column":1},"end":{"line":20,"column":null}},"11":{"start":{"line":19,"column":2},"end":{"line":19,"column":36}},"12":{"start":{"line":22,"column":9},"end":{"line":22,"column":55}},"13":{"start":{"line":24,"column":1},"end":{"line":24,"column":49}},"14":{"start":{"line":26,"column":1},"end":{"line":28,"column":null}},"15":{"start":{"line":27,"column":2},"end":{"line":27,"column":36}},"16":{"start":{"line":30,"column":1},"end":{"line":30,"column":59}},"17":{"start":{"line":31,"column":15},"end":{"line":31,"column":56}},"18":{"start":{"line":33,"column":1},"end":{"line":35,"column":null}},"19":{"start":{"line":34,"column":2},"end":{"line":34,"column":36}},"20":{"start":{"line":37,"column":1},"end":{"line":37,"column":14}},"21":{"start":{"line":9,"column":13},"end":{"line":9,"column":21}},"22":{"start":{"line":40,"column":27},"end":{"line":98,"column":2}},"23":{"start":{"line":44,"column":33},"end":{"line":98,"column":2}},"24":{"start":{"line":45,"column":1},"end":{"line":47,"column":null}},"25":{"start":{"line":46,"column":2},"end":{"line":46,"column":48}},"26":{"start":{"line":49,"column":57},"end":{"line":49,"column":67}},"27":{"start":{"line":56,"column":5},"end":{"line":56,"column":21}},"28":{"start":{"line":57,"column":1},"end":{"line":59,"column":null}},"29":{"start":{"line":58,"column":2},"end":{"line":58,"column":35}},"30":{"start":{"line":61,"column":20},"end":{"line":61,"column":75}},"31":{"start":{"line":63,"column":1},"end":{"line":65,"column":null}},"32":{"start":{"line":64,"column":2},"end":{"line":64,"column":42}},"33":{"start":{"line":66,"column":23},"end":{"line":68,"column":10}},"34":{"start":{"line":70,"column":1},"end":{"line":72,"column":null}},"35":{"start":{"line":71,"column":2},"end":{"line":71,"column":45}},"36":{"start":{"line":74,"column":13},"end":{"line":74,"column":29}},"37":{"start":{"line":76,"column":15},"end":{"line":85,"column":3}},"38":{"start":{"line":87,"column":1},"end":{"line":90,"column":3}},"39":{"start":{"line":91,"column":13},"end":{"line":91,"column":35}},"40":{"start":{"line":93,"column":1},"end":{"line":95,"column":null}},"41":{"start":{"line":94,"column":2},"end":{"line":94,"column":57}},"42":{"start":{"line":97,"column":1},"end":{"line":97,"column":33}},"43":{"start":{"line":40,"column":13},"end":{"line":40,"column":27}},"44":{"start":{"line":100,"column":26},"end":{"line":166,"column":2}},"45":{"start":{"line":104,"column":36},"end":{"line":166,"column":2}},"46":{"start":{"line":105,"column":1},"end":{"line":107,"column":null}},"47":{"start":{"line":106,"column":2},"end":{"line":106,"column":39}},"48":{"start":{"line":109,"column":44},"end":{"line":109,"column":60}},"49":{"start":{"line":111,"column":1},"end":{"line":113,"column":3}},"50":{"start":{"line":118,"column":5},"end":{"line":120,"column":65}},"51":{"start":{"line":122,"column":43},"end":{"line":122,"column":52}},"52":{"start":{"line":124,"column":1},"end":{"line":126,"column":null}},"53":{"start":{"line":125,"column":2},"end":{"line":125,"column":66}},"54":{"start":{"line":127,"column":1},"end":{"line":133,"column":null}},"55":{"start":{"line":128,"column":2},"end":{"line":132,"column":12}},"56":{"start":{"line":135,"column":1},"end":{"line":139,"column":null}},"57":{"start":{"line":136,"column":2},"end":{"line":138,"column":4}},"58":{"start":{"line":141,"column":18},"end":{"line":143,"column":27}},"59":{"start":{"line":145,"column":1},"end":{"line":149,"column":null}},"60":{"start":{"line":146,"column":2},"end":{"line":148,"column":4}},"61":{"start":{"line":151,"column":1},"end":{"line":154,"column":3}},"62":{"start":{"line":155,"column":13},"end":{"line":155,"column":35}},"63":{"start":{"line":157,"column":1},"end":{"line":159,"column":null}},"64":{"start":{"line":158,"column":2},"end":{"line":158,"column":57}},"65":{"start":{"line":161,"column":1},"end":{"line":161,"column":50}},"66":{"start":{"line":162,"column":1},"end":{"line":165,"column":3}},"67":{"start":{"line":100,"column":13},"end":{"line":100,"column":26}},"68":{"start":{"line":169,"column":1},"end":{"line":171,"column":39}},"69":{"start":{"line":173,"column":31},"end":{"line":223,"column":2}},"70":{"start":{"line":177,"column":22},"end":{"line":223,"column":2}},"71":{"start":{"line":178,"column":19},"end":{"line":178,"column":23}},"72":{"start":{"line":180,"column":1},"end":{"line":182,"column":null}},"73":{"start":{"line":181,"column":2},"end":{"line":181,"column":38}},"74":{"start":{"line":184,"column":1},"end":{"line":186,"column":null}},"75":{"start":{"line":185,"column":2},"end":{"line":185,"column":42}},"76":{"start":{"line":188,"column":1},"end":{"line":190,"column":null}},"77":{"start":{"line":189,"column":2},"end":{"line":189,"column":39}},"78":{"start":{"line":199,"column":16},"end":{"line":199,"column":41}},"79":{"start":{"line":201,"column":15},"end":{"line":201,"column":56}},"80":{"start":{"line":203,"column":14},"end":{"line":215,"column":null}},"81":{"start":{"line":218,"column":1},"end":{"line":220,"column":null}},"82":{"start":{"line":219,"column":2},"end":{"line":219,"column":41}},"83":{"start":{"line":222,"column":1},"end":{"line":222,"column":13}},"84":{"start":{"line":173,"column":13},"end":{"line":173,"column":31}}},"fnMap":{"0":{"name":"(anonymous_8)","decl":{"start":{"line":9,"column":21},"end":{"line":9,"column":null}},"loc":{"start":{"line":13,"column":30},"end":{"line":38,"column":2}}},"1":{"name":"(anonymous_9)","decl":{"start":{"line":13,"column":30},"end":{"line":13,"column":null}},"loc":{"start":{"line":13,"column":30},"end":{"line":38,"column":1}}},"2":{"name":"(anonymous_10)","decl":{"start":{"line":40,"column":27},"end":{"line":40,"column":null}},"loc":{"start":{"line":44,"column":33},"end":{"line":98,"column":2}}},"3":{"name":"(anonymous_11)","decl":{"start":{"line":44,"column":33},"end":{"line":44,"column":null}},"loc":{"start":{"line":44,"column":33},"end":{"line":98,"column":1}}},"4":{"name":"(anonymous_12)","decl":{"start":{"line":100,"column":26},"end":{"line":100,"column":null}},"loc":{"start":{"line":104,"column":36},"end":{"line":166,"column":2}}},"5":{"name":"(anonymous_13)","decl":{"start":{"line":104,"column":36},"end":{"line":104,"column":null}},"loc":{"start":{"line":104,"column":36},"end":{"line":166,"column":1}}},"6":{"name":"(anonymous_14)","decl":{"start":{"line":173,"column":31},"end":{"line":173,"column":null}},"loc":{"start":{"line":177,"column":22},"end":{"line":223,"column":2}}},"7":{"name":"(anonymous_15)","decl":{"start":{"line":177,"column":22},"end":{"line":177,"column":null}},"loc":{"start":{"line":177,"column":22},"end":{"line":223,"column":1}}}},"branchMap":{"0":{"loc":{"start":{"line":14,"column":1},"end":{"line":16,"column":null}},"type":"if","locations":[{"start":{"line":14,"column":1},"end":{"line":16,"column":null}},{"start":{"line":14,"column":1},"end":{"line":16,"column":null}}]},"1":{"loc":{"start":{"line":18,"column":1},"end":{"line":20,"column":null}},"type":"if","locations":[{"start":{"line":18,"column":1},"end":{"line":20,"column":null}},{"start":{"line":18,"column":1},"end":{"line":20,"column":null}}]},"2":{"loc":{"start":{"line":22,"column":47},"end":{"line":22,"column":49}},"type":"cond-expr","locations":[{"start":{"line":22,"column":47},"end":{"line":22,"column":49}},{"start":{"line":22,"column":47},"end":{"line":22,"column":55}}]},"3":{"loc":{"start":{"line":22,"column":9},"end":{"line":22,"column":49}},"type":"binary-expr","locations":[{"start":{"line":22,"column":9},"end":{"line":22,"column":49}},{"start":{"line":22,"column":47},"end":{"line":22,"column":49}}]},"4":{"loc":{"start":{"line":26,"column":1},"end":{"line":28,"column":null}},"type":"if","locations":[{"start":{"line":26,"column":1},"end":{"line":28,"column":null}},{"start":{"line":26,"column":1},"end":{"line":28,"column":null}}]},"5":{"loc":{"start":{"line":33,"column":1},"end":{"line":35,"column":null}},"type":"if","locations":[{"start":{"line":33,"column":1},"end":{"line":35,"column":null}},{"start":{"line":33,"column":1},"end":{"line":35,"column":null}}]},"6":{"loc":{"start":{"line":45,"column":1},"end":{"line":47,"column":null}},"type":"if","locations":[{"start":{"line":45,"column":1},"end":{"line":47,"column":null}},{"start":{"line":45,"column":1},"end":{"line":47,"column":null}}]},"7":{"loc":{"start":{"line":57,"column":1},"end":{"line":59,"column":null}},"type":"if","locations":[{"start":{"line":57,"column":1},"end":{"line":59,"column":null}},{"start":{"line":57,"column":1},"end":{"line":59,"column":null}}]},"8":{"loc":{"start":{"line":63,"column":1},"end":{"line":65,"column":null}},"type":"if","locations":[{"start":{"line":63,"column":1},"end":{"line":65,"column":null}},{"start":{"line":63,"column":1},"end":{"line":65,"column":null}}]},"9":{"loc":{"start":{"line":70,"column":1},"end":{"line":72,"column":null}},"type":"if","locations":[{"start":{"line":70,"column":1},"end":{"line":72,"column":null}},{"start":{"line":70,"column":1},"end":{"line":72,"column":null}}]},"10":{"loc":{"start":{"line":93,"column":1},"end":{"line":95,"column":null}},"type":"if","locations":[{"start":{"line":93,"column":1},"end":{"line":95,"column":null}},{"start":{"line":93,"column":1},"end":{"line":95,"column":null}}]},"11":{"loc":{"start":{"line":105,"column":1},"end":{"line":107,"column":null}},"type":"if","locations":[{"start":{"line":105,"column":1},"end":{"line":107,"column":null}},{"start":{"line":105,"column":1},"end":{"line":107,"column":null}}]},"12":{"loc":{"start":{"line":119,"column":4},"end":{"line":119,"column":41}},"type":"cond-expr","locations":[{"start":{"line":119,"column":4},"end":{"line":119,"column":41}},{"start":{"line":120,"column":4},"end":{"line":120,"column":65}}]},"13":{"loc":{"start":{"line":120,"column":20},"end":{"line":120,"column":27}},"type":"cond-expr","locations":[{"start":{"line":120,"column":20},"end":{"line":120,"column":27}},{"start":{"line":120,"column":30},"end":{"line":120,"column":36}}]},"14":{"loc":{"start":{"line":120,"column":53},"end":{"line":120,"column":58}},"type":"cond-expr","locations":[{"start":{"line":120,"column":53},"end":{"line":120,"column":58}},{"start":{"line":120,"column":61},"end":{"line":120,"column":63}}]},"15":{"loc":{"start":{"line":124,"column":1},"end":{"line":126,"column":null}},"type":"if","locations":[{"start":{"line":124,"column":1},"end":{"line":126,"column":null}},{"start":{"line":124,"column":1},"end":{"line":126,"column":null}}]},"16":{"loc":{"start":{"line":127,"column":1},"end":{"line":133,"column":null}},"type":"if","locations":[{"start":{"line":127,"column":1},"end":{"line":133,"column":null}},{"start":{"line":127,"column":1},"end":{"line":133,"column":null}}]},"17":{"loc":{"start":{"line":135,"column":1},"end":{"line":139,"column":null}},"type":"if","locations":[{"start":{"line":135,"column":1},"end":{"line":139,"column":null}},{"start":{"line":135,"column":1},"end":{"line":139,"column":null}}]},"18":{"loc":{"start":{"line":145,"column":1},"end":{"line":149,"column":null}},"type":"if","locations":[{"start":{"line":145,"column":1},"end":{"line":149,"column":null}},{"start":{"line":145,"column":1},"end":{"line":149,"column":null}}]},"19":{"loc":{"start":{"line":145,"column":5},"end":{"line":145,"column":14}},"type":"binary-expr","locations":[{"start":{"line":145,"column":5},"end":{"line":145,"column":14}},{"start":{"line":145,"column":18},"end":{"line":145,"column":41}}]},"20":{"loc":{"start":{"line":157,"column":1},"end":{"line":159,"column":null}},"type":"if","locations":[{"start":{"line":157,"column":1},"end":{"line":159,"column":null}},{"start":{"line":157,"column":1},"end":{"line":159,"column":null}}]},"21":{"loc":{"start":{"line":170,"column":4},"end":{"line":170,"column":44}},"type":"cond-expr","locations":[{"start":{"line":170,"column":4},"end":{"line":170,"column":44}},{"start":{"line":171,"column":4},"end":{"line":171,"column":39}}]},"22":{"loc":{"start":{"line":180,"column":1},"end":{"line":182,"column":null}},"type":"if","locations":[{"start":{"line":180,"column":1},"end":{"line":182,"column":null}},{"start":{"line":180,"column":1},"end":{"line":182,"column":null}}]},"23":{"loc":{"start":{"line":184,"column":1},"end":{"line":186,"column":null}},"type":"if","locations":[{"start":{"line":184,"column":1},"end":{"line":186,"column":null}},{"start":{"line":184,"column":1},"end":{"line":186,"column":null}}]},"24":{"loc":{"start":{"line":184,"column":5},"end":{"line":184,"column":16}},"type":"binary-expr","locations":[{"start":{"line":184,"column":5},"end":{"line":184,"column":16}},{"start":{"line":184,"column":20},"end":{"line":184,"column":58}}]},"25":{"loc":{"start":{"line":188,"column":1},"end":{"line":190,"column":null}},"type":"if","locations":[{"start":{"line":188,"column":1},"end":{"line":190,"column":null}},{"start":{"line":188,"column":1},"end":{"line":190,"column":null}}]},"26":{"loc":{"start":{"line":188,"column":5},"end":{"line":188,"column":17}},"type":"binary-expr","locations":[{"start":{"line":188,"column":5},"end":{"line":188,"column":17}},{"start":{"line":188,"column":21},"end":{"line":188,"column":47}}]},"27":{"loc":{"start":{"line":218,"column":1},"end":{"line":220,"column":null}},"type":"if","locations":[{"start":{"line":218,"column":1},"end":{"line":220,"column":null}},{"start":{"line":218,"column":1},"end":{"line":220,"column":null}}]}},"s":{"0":2,"1":2,"2":2,"3":2,"4":2,"5":2,"6":2,"7":0,"8":0,"9":0,"10":0,"11":0,"12":0,"13":0,"14":0,"15":0,"16":0,"17":0,"18":0,"19":0,"20":0,"21":2,"22":2,"23":1,"24":1,"25":0,"26":1,"27":1,"28":1,"29":0,"30":1,"31":1,"32":0,"33":1,"34":1,"35":0,"36":1,"37":1,"38":1,"39":1,"40":1,"41":0,"42":1,"43":2,"44":2,"45":0,"46":0,"47":0,"48":0,"49":0,"50":0,"51":0,"52":0,"53":0,"54":0,"55":0,"56":0,"57":0,"58":0,"59":0,"60":0,"61":0,"62":0,"63":0,"64":0,"65":0,"66":0,"67":2,"68":2,"69":2,"70":1,"71":1,"72":1,"73":0,"74":1,"75":0,"76":1,"77":0,"78":1,"79":1,"80":1,"81":1,"82":0,"83":1,"84":2},"f":{"0":0,"1":0,"2":1,"3":1,"4":0,"5":0,"6":1,"7":1},"b":{"0":[0,0],"1":[0,0],"2":[0,0],"3":[0,0],"4":[0,0],"5":[0,0],"6":[0,1],"7":[0,1],"8":[0,1],"9":[0,1],"10":[0,1],"11":[0,0],"12":[0,0],"13":[0,0],"14":[0,0],"15":[0,0],"16":[0,0],"17":[0,0],"18":[0,0],"19":[0,0],"20":[0,0],"21":[0,2],"22":[0,1],"23":[0,1],"24":[1,1],"25":[0,1],"26":[1,1],"27":[0,1]}}
,"/Users/jtamedrano/Projects/bolt/bolt_backend/src/resolvers/changeLog.ts": {"path":"/Users/jtamedrano/Projects/bolt/bolt_backend/src/resolvers/changeLog.ts","statementMap":{"0":{"start":{"line":1,"column":0},"end":{"line":1,"column":49}},"1":{"start":{"line":3,"column":26},"end":{"line":10,"column":2}},"2":{"start":{"line":7,"column":36},"end":{"line":10,"column":2}},"3":{"start":{"line":8,"column":20},"end":{"line":8,"column":43}},"4":{"start":{"line":9,"column":1},"end":{"line":9,"column":19}},"5":{"start":{"line":3,"column":13},"end":{"line":3,"column":26}},"6":{"start":{"line":12,"column":29},"end":{"line":22,"column":2}},"7":{"start":{"line":16,"column":34},"end":{"line":22,"column":2}},"8":{"start":{"line":17,"column":16},"end":{"line":17,"column":20}},"9":{"start":{"line":19,"column":19},"end":{"line":19,"column":58}},"10":{"start":{"line":21,"column":1},"end":{"line":21,"column":18}},"11":{"start":{"line":12,"column":13},"end":{"line":12,"column":29}},"12":{"start":{"line":24,"column":31},"end":{"line":84,"column":2}},"13":{"start":{"line":28,"column":34},"end":{"line":84,"column":2}},"14":{"start":{"line":29,"column":1},"end":{"line":29,"column":58}},"15":{"start":{"line":31,"column":36},"end":{"line":31,"column":53}},"16":{"start":{"line":33,"column":1},"end":{"line":33,"column":33}},"17":{"start":{"line":35,"column":1},"end":{"line":45,"column":3}},"18":{"start":{"line":43,"column":35},"end":{"line":43,"column":59}},"19":{"start":{"line":48,"column":22},"end":{"line":48,"column":72}},"20":{"start":{"line":50,"column":1},"end":{"line":52,"column":null}},"21":{"start":{"line":51,"column":2},"end":{"line":51,"column":47}},"22":{"start":{"line":55,"column":19},"end":{"line":55,"column":65}},"23":{"start":{"line":57,"column":1},"end":{"line":59,"column":null}},"24":{"start":{"line":58,"column":2},"end":{"line":58,"column":40}},"25":{"start":{"line":62,"column":16},"end":{"line":62,"column":66}},"26":{"start":{"line":64,"column":2},"end":{"line":64,"column":64}},"27":{"start":{"line":66,"column":1},"end":{"line":70,"column":null}},"28":{"start":{"line":67,"column":2},"end":{"line":69,"column":4}},"29":{"start":{"line":72,"column":13},"end":{"line":72,"column":34}},"30":{"start":{"line":74,"column":22},"end":{"line":80,"column":3}},"31":{"start":{"line":82,"column":1},"end":{"line":82,"column":71}},"32":{"start":{"line":83,"column":1},"end":{"line":83,"column":21}},"33":{"start":{"line":24,"column":13},"end":{"line":24,"column":31}},"34":{"start":{"line":86,"column":29},"end":{"line":107,"column":2}},"35":{"start":{"line":90,"column":34},"end":{"line":107,"column":2}},"36":{"start":{"line":91,"column":31},"end":{"line":91,"column":35}},"37":{"start":{"line":93,"column":15},"end":{"line":93,"column":53}},"38":{"start":{"line":95,"column":1},"end":{"line":97,"column":null}},"39":{"start":{"line":96,"column":2},"end":{"line":96,"column":47}},"40":{"start":{"line":99,"column":26},"end":{"line":104,"column":3}},"41":{"start":{"line":106,"column":1},"end":{"line":106,"column":25}},"42":{"start":{"line":86,"column":13},"end":{"line":86,"column":29}}},"fnMap":{"0":{"name":"(anonymous_8)","decl":{"start":{"line":3,"column":26},"end":{"line":3,"column":null}},"loc":{"start":{"line":7,"column":36},"end":{"line":10,"column":2}}},"1":{"name":"(anonymous_9)","decl":{"start":{"line":7,"column":36},"end":{"line":7,"column":null}},"loc":{"start":{"line":7,"column":36},"end":{"line":10,"column":1}}},"2":{"name":"(anonymous_10)","decl":{"start":{"line":12,"column":29},"end":{"line":12,"column":null}},"loc":{"start":{"line":16,"column":34},"end":{"line":22,"column":2}}},"3":{"name":"(anonymous_11)","decl":{"start":{"line":16,"column":34},"end":{"line":16,"column":null}},"loc":{"start":{"line":16,"column":34},"end":{"line":22,"column":1}}},"4":{"name":"(anonymous_12)","decl":{"start":{"line":24,"column":31},"end":{"line":24,"column":null}},"loc":{"start":{"line":28,"column":34},"end":{"line":84,"column":2}}},"5":{"name":"(anonymous_13)","decl":{"start":{"line":28,"column":34},"end":{"line":28,"column":null}},"loc":{"start":{"line":28,"column":34},"end":{"line":84,"column":1}}},"6":{"name":"(anonymous_14)","decl":{"start":{"line":43,"column":20},"end":{"line":43,"column":21}},"loc":{"start":{"line":43,"column":35},"end":{"line":43,"column":59}}},"7":{"name":"(anonymous_15)","decl":{"start":{"line":86,"column":29},"end":{"line":86,"column":null}},"loc":{"start":{"line":90,"column":34},"end":{"line":107,"column":2}}},"8":{"name":"(anonymous_16)","decl":{"start":{"line":90,"column":34},"end":{"line":90,"column":null}},"loc":{"start":{"line":90,"column":34},"end":{"line":107,"column":1}}}},"branchMap":{"0":{"loc":{"start":{"line":40,"column":2},"end":{"line":40,"column":9}},"type":"binary-expr","locations":[{"start":{"line":40,"column":2},"end":{"line":40,"column":9}},{"start":{"line":41,"column":3},"end":{"line":41,"column":22}},{"start":{"line":42,"column":3},"end":{"line":43,"column":60}}]},"1":{"loc":{"start":{"line":41,"column":10},"end":{"line":41,"column":12}},"type":"cond-expr","locations":[{"start":{"line":41,"column":10},"end":{"line":41,"column":12}},{"start":{"line":41,"column":3},"end":{"line":41,"column":18}}]},"2":{"loc":{"start":{"line":41,"column":3},"end":{"line":41,"column":12}},"type":"binary-expr","locations":[{"start":{"line":41,"column":3},"end":{"line":41,"column":12}},{"start":{"line":41,"column":3},"end":{"line":41,"column":12}}]},"3":{"loc":{"start":{"line":44,"column":2},"end":{"line":44,"column":6}},"type":"binary-expr","locations":[{"start":{"line":44,"column":2},"end":{"line":44,"column":6}},{"start":{"line":44,"column":10},"end":{"line":44,"column":26}}]},"4":{"loc":{"start":{"line":50,"column":1},"end":{"line":52,"column":null}},"type":"if","locations":[{"start":{"line":50,"column":1},"end":{"line":52,"column":null}},{"start":{"line":50,"column":1},"end":{"line":52,"column":null}}]},"5":{"loc":{"start":{"line":55,"column":19},"end":{"line":55,"column":33}},"type":"binary-expr","locations":[{"start":{"line":55,"column":19},"end":{"line":55,"column":33}},{"start":{"line":55,"column":37},"end":{"line":55,"column":53}},{"start":{"line":55,"column":57},"end":{"line":55,"column":65}}]},"6":{"loc":{"start":{"line":57,"column":1},"end":{"line":59,"column":null}},"type":"if","locations":[{"start":{"line":57,"column":1},"end":{"line":59,"column":null}},{"start":{"line":57,"column":1},"end":{"line":59,"column":null}}]},"7":{"loc":{"start":{"line":62,"column":16},"end":{"line":62,"column":34}},"type":"binary-expr","locations":[{"start":{"line":62,"column":16},"end":{"line":62,"column":34}},{"start":{"line":62,"column":38},"end":{"line":62,"column":49}},{"start":{"line":62,"column":53},"end":{"line":62,"column":66}}]},"8":{"loc":{"start":{"line":64,"column":2},"end":{"line":64,"column":23}},"type":"binary-expr","locations":[{"start":{"line":64,"column":2},"end":{"line":64,"column":23}},{"start":{"line":64,"column":27},"end":{"line":64,"column":47}},{"start":{"line":64,"column":51},"end":{"line":64,"column":64}}]},"9":{"loc":{"start":{"line":66,"column":1},"end":{"line":70,"column":null}},"type":"if","locations":[{"start":{"line":66,"column":1},"end":{"line":70,"column":null}},{"start":{"line":66,"column":1},"end":{"line":70,"column":null}}]},"10":{"loc":{"start":{"line":66,"column":5},"end":{"line":66,"column":11}},"type":"binary-expr","locations":[{"start":{"line":66,"column":5},"end":{"line":66,"column":11}},{"start":{"line":66,"column":15},"end":{"line":66,"column":28}}]},"11":{"loc":{"start":{"line":95,"column":1},"end":{"line":97,"column":null}},"type":"if","locations":[{"start":{"line":95,"column":1},"end":{"line":97,"column":null}},{"start":{"line":95,"column":1},"end":{"line":97,"column":null}}]},"12":{"loc":{"start":{"line":100,"column":24},"end":{"line":100,"column":26}},"type":"cond-expr","locations":[{"start":{"line":100,"column":24},"end":{"line":100,"column":26}},{"start":{"line":100,"column":11},"end":{"line":100,"column":33}}]},"13":{"loc":{"start":{"line":100,"column":11},"end":{"line":100,"column":26}},"type":"binary-expr","locations":[{"start":{"line":100,"column":11},"end":{"line":100,"column":26}},{"start":{"line":100,"column":11},"end":{"line":100,"column":26}}]},"14":{"loc":{"start":{"line":101,"column":21},"end":{"line":101,"column":23}},"type":"cond-expr","locations":[{"start":{"line":101,"column":21},"end":{"line":101,"column":23}},{"start":{"line":101,"column":8},"end":{"line":101,"column":27}}]},"15":{"loc":{"start":{"line":101,"column":8},"end":{"line":101,"column":23}},"type":"binary-expr","locations":[{"start":{"line":101,"column":8},"end":{"line":101,"column":23}},{"start":{"line":101,"column":8},"end":{"line":101,"column":23}}]},"16":{"loc":{"start":{"line":102,"column":24},"end":{"line":102,"column":26}},"type":"cond-expr","locations":[{"start":{"line":102,"column":24},"end":{"line":102,"column":26}},{"start":{"line":102,"column":11},"end":{"line":102,"column":33}}]},"17":{"loc":{"start":{"line":102,"column":11},"end":{"line":102,"column":26}},"type":"binary-expr","locations":[{"start":{"line":102,"column":11},"end":{"line":102,"column":26}},{"start":{"line":102,"column":11},"end":{"line":102,"column":26}}]}},"s":{"0":2,"1":2,"2":0,"3":0,"4":0,"5":2,"6":2,"7":0,"8":0,"9":0,"10":0,"11":2,"12":2,"13":0,"14":0,"15":0,"16":0,"17":0,"18":0,"19":0,"20":0,"21":0,"22":0,"23":0,"24":0,"25":0,"26":0,"27":0,"28":0,"29":0,"30":0,"31":0,"32":0,"33":2,"34":2,"35":0,"36":0,"37":0,"38":0,"39":0,"40":0,"41":0,"42":2},"f":{"0":0,"1":0,"2":0,"3":0,"4":0,"5":0,"6":0,"7":0,"8":0},"b":{"0":[0,0,0],"1":[0,0],"2":[0,0],"3":[0,0],"4":[0,0],"5":[0,0,0],"6":[0,0],"7":[0,0,0],"8":[0,0,0],"9":[0,0],"10":[0,0],"11":[0,0],"12":[0,0],"13":[0,0],"14":[0,0],"15":[0,0],"16":[0,0],"17":[0,0]}}
,"/Users/jtamedrano/Projects/bolt/bolt_backend/src/resolvers/chat.ts": {"path":"/Users/jtamedrano/Projects/bolt/bolt_backend/src/resolvers/chat.ts","statementMap":{"0":{"start":{"line":1,"column":0},"end":{"line":1,"column":44}},"1":{"start":{"line":3,"column":23},"end":{"line":22,"column":2}},"2":{"start":{"line":7,"column":22},"end":{"line":22,"column":2}},"3":{"start":{"line":8,"column":28},"end":{"line":8,"column":32}},"4":{"start":{"line":10,"column":1},"end":{"line":10,"column":54}},"5":{"start":{"line":12,"column":17},"end":{"line":14,"column":10}},"6":{"start":{"line":16,"column":1},"end":{"line":19,"column":null}},"7":{"start":{"line":17,"column":2},"end":{"line":17,"column":53}},"8":{"start":{"line":18,"column":2},"end":{"line":18,"column":58}},"9":{"start":{"line":21,"column":1},"end":{"line":21,"column":13}},"10":{"start":{"line":3,"column":13},"end":{"line":3,"column":23}}},"fnMap":{"0":{"name":"(anonymous_8)","decl":{"start":{"line":3,"column":23},"end":{"line":3,"column":null}},"loc":{"start":{"line":7,"column":22},"end":{"line":22,"column":2}}},"1":{"name":"(anonymous_9)","decl":{"start":{"line":7,"column":22},"end":{"line":7,"column":null}},"loc":{"start":{"line":7,"column":22},"end":{"line":22,"column":1}}}},"branchMap":{"0":{"loc":{"start":{"line":16,"column":1},"end":{"line":19,"column":null}},"type":"if","locations":[{"start":{"line":16,"column":1},"end":{"line":19,"column":null}},{"start":{"line":16,"column":1},"end":{"line":19,"column":null}}]}},"s":{"0":2,"1":2,"2":0,"3":0,"4":0,"5":0,"6":0,"7":0,"8":0,"9":0,"10":2},"f":{"0":0,"1":0},"b":{"0":[0,0]}}
,"/Users/jtamedrano/Projects/bolt/bolt_backend/src/resolvers/chatGroup.ts": {"path":"/Users/jtamedrano/Projects/bolt/bolt_backend/src/resolvers/chatGroup.ts","statementMap":{"0":{"start":{"line":1,"column":0},"end":{"line":1,"column":44}},"1":{"start":{"line":3,"column":25},"end":{"line":17,"column":2}},"2":{"start":{"line":7,"column":34},"end":{"line":17,"column":2}},"3":{"start":{"line":8,"column":16},"end":{"line":8,"column":20}},"4":{"start":{"line":10,"column":1},"end":{"line":10,"column":50}},"5":{"start":{"line":12,"column":19},"end":{"line":14,"column":36}},"6":{"start":{"line":16,"column":1},"end":{"line":16,"column":18}},"7":{"start":{"line":3,"column":13},"end":{"line":3,"column":25}},"8":{"start":{"line":19,"column":31},"end":{"line":38,"column":2}},"9":{"start":{"line":23,"column":4},"end":{"line":38,"column":2}},"10":{"start":{"line":24,"column":1},"end":{"line":24,"column":44}},"11":{"start":{"line":26,"column":16},"end":{"line":27,"column":null}},"12":{"start":{"line":30,"column":1},"end":{"line":35,"column":null}},"13":{"start":{"line":31,"column":2},"end":{"line":33,"column":4}},"14":{"start":{"line":34,"column":2},"end":{"line":34,"column":67}},"15":{"start":{"line":37,"column":1},"end":{"line":37,"column":15}},"16":{"start":{"line":19,"column":13},"end":{"line":19,"column":31}}},"fnMap":{"0":{"name":"(anonymous_8)","decl":{"start":{"line":3,"column":25},"end":{"line":3,"column":null}},"loc":{"start":{"line":7,"column":34},"end":{"line":17,"column":2}}},"1":{"name":"(anonymous_9)","decl":{"start":{"line":7,"column":34},"end":{"line":7,"column":null}},"loc":{"start":{"line":7,"column":34},"end":{"line":17,"column":1}}},"2":{"name":"(anonymous_10)","decl":{"start":{"line":19,"column":31},"end":{"line":19,"column":null}},"loc":{"start":{"line":23,"column":4},"end":{"line":38,"column":2}}},"3":{"name":"(anonymous_11)","decl":{"start":{"line":23,"column":4},"end":{"line":23,"column":null}},"loc":{"start":{"line":23,"column":4},"end":{"line":38,"column":1}}}},"branchMap":{"0":{"loc":{"start":{"line":30,"column":1},"end":{"line":35,"column":null}},"type":"if","locations":[{"start":{"line":30,"column":1},"end":{"line":35,"column":null}},{"start":{"line":30,"column":1},"end":{"line":35,"column":null}}]}},"s":{"0":2,"1":2,"2":0,"3":0,"4":0,"5":0,"6":0,"7":2,"8":2,"9":0,"10":0,"11":0,"12":0,"13":0,"14":0,"15":0,"16":2},"f":{"0":0,"1":0,"2":0,"3":0},"b":{"0":[0,0]}}
,"/Users/jtamedrano/Projects/bolt/bolt_backend/src/resolvers/createChat.ts": {"path":"/Users/jtamedrano/Projects/bolt/bolt_backend/src/resolvers/createChat.ts","statementMap":{"0":{"start":{"line":1,"column":0},"end":{"line":1,"column":34}},"1":{"start":{"line":2,"column":0},"end":{"line":2,"column":44}},"2":{"start":{"line":4,"column":26},"end":{"line":32,"column":2}},"3":{"start":{"line":8,"column":29},"end":{"line":32,"column":2}},"4":{"start":{"line":9,"column":55},"end":{"line":9,"column":64}},"5":{"start":{"line":11,"column":1},"end":{"line":11,"column":65}},"6":{"start":{"line":13,"column":17},"end":{"line":19,"column":3}},"7":{"start":{"line":21,"column":25},"end":{"line":24,"column":3}},"8":{"start":{"line":26,"column":1},"end":{"line":29,"column":null}},"9":{"start":{"line":27,"column":2},"end":{"line":27,"column":43}},"10":{"start":{"line":28,"column":2},"end":{"line":28,"column":62}},"11":{"start":{"line":31,"column":1},"end":{"line":31,"column":16}},"12":{"start":{"line":4,"column":13},"end":{"line":4,"column":26}}},"fnMap":{"0":{"name":"(anonymous_8)","decl":{"start":{"line":4,"column":26},"end":{"line":4,"column":null}},"loc":{"start":{"line":8,"column":29},"end":{"line":32,"column":2}}},"1":{"name":"(anonymous_9)","decl":{"start":{"line":8,"column":29},"end":{"line":8,"column":null}},"loc":{"start":{"line":8,"column":29},"end":{"line":32,"column":1}}}},"branchMap":{"0":{"loc":{"start":{"line":26,"column":1},"end":{"line":29,"column":null}},"type":"if","locations":[{"start":{"line":26,"column":1},"end":{"line":29,"column":null}},{"start":{"line":26,"column":1},"end":{"line":29,"column":null}}]},"1":{"loc":{"start":{"line":26,"column":5},"end":{"line":26,"column":13}},"type":"binary-expr","locations":[{"start":{"line":26,"column":5},"end":{"line":26,"column":13}},{"start":{"line":26,"column":17},"end":{"line":26,"column":33}}]}},"s":{"0":2,"1":2,"2":2,"3":0,"4":0,"5":0,"6":0,"7":0,"8":0,"9":0,"10":0,"11":0,"12":2},"f":{"0":0,"1":0},"b":{"0":[0,0],"1":[0,0]}}
,"/Users/jtamedrano/Projects/bolt/bolt_backend/src/resolvers/createChatGroup.ts": {"path":"/Users/jtamedrano/Projects/bolt/bolt_backend/src/resolvers/createChatGroup.ts","statementMap":{"0":{"start":{"line":1,"column":0},"end":{"line":1,"column":44}},"1":{"start":{"line":2,"column":0},"end":{"line":2,"column":46}},"2":{"start":{"line":4,"column":31},"end":{"line":32,"column":2}},"3":{"start":{"line":8,"column":34},"end":{"line":32,"column":2}},"4":{"start":{"line":9,"column":44},"end":{"line":9,"column":58}},"5":{"start":{"line":11,"column":1},"end":{"line":11,"column":71}},"6":{"start":{"line":13,"column":17},"end":{"line":19,"column":3}},"7":{"start":{"line":21,"column":25},"end":{"line":24,"column":3}},"8":{"start":{"line":26,"column":1},"end":{"line":29,"column":null}},"9":{"start":{"line":27,"column":2},"end":{"line":27,"column":48}},"10":{"start":{"line":28,"column":2},"end":{"line":28,"column":62}},"11":{"start":{"line":31,"column":1},"end":{"line":31,"column":16}},"12":{"start":{"line":4,"column":13},"end":{"line":4,"column":31}}},"fnMap":{"0":{"name":"(anonymous_8)","decl":{"start":{"line":4,"column":31},"end":{"line":4,"column":null}},"loc":{"start":{"line":8,"column":34},"end":{"line":32,"column":2}}},"1":{"name":"(anonymous_9)","decl":{"start":{"line":8,"column":34},"end":{"line":8,"column":null}},"loc":{"start":{"line":8,"column":34},"end":{"line":32,"column":1}}}},"branchMap":{"0":{"loc":{"start":{"line":26,"column":1},"end":{"line":29,"column":null}},"type":"if","locations":[{"start":{"line":26,"column":1},"end":{"line":29,"column":null}},{"start":{"line":26,"column":1},"end":{"line":29,"column":null}}]},"1":{"loc":{"start":{"line":26,"column":5},"end":{"line":26,"column":13}},"type":"binary-expr","locations":[{"start":{"line":26,"column":5},"end":{"line":26,"column":13}},{"start":{"line":26,"column":17},"end":{"line":26,"column":33}}]}},"s":{"0":2,"1":2,"2":2,"3":0,"4":0,"5":0,"6":0,"7":0,"8":0,"9":0,"10":0,"11":0,"12":2},"f":{"0":0,"1":0},"b":{"0":[0,0],"1":[0,0]}}
,"/Users/jtamedrano/Projects/bolt/bolt_backend/src/resolvers/feedback.ts": {"path":"/Users/jtamedrano/Projects/bolt/bolt_backend/src/resolvers/feedback.ts","statementMap":{"0":{"start":{"line":2,"column":0},"end":{"line":2,"column":48}},"1":{"start":{"line":3,"column":0},"end":{"line":3,"column":49}},"2":{"start":{"line":4,"column":0},"end":{"line":4,"column":45}},"3":{"start":{"line":6,"column":30},"end":{"line":26,"column":2}},"4":{"start":{"line":10,"column":22},"end":{"line":26,"column":2}},"5":{"start":{"line":11,"column":16},"end":{"line":11,"column":20}},"6":{"start":{"line":13,"column":1},"end":{"line":15,"column":null}},"7":{"start":{"line":14,"column":2},"end":{"line":14,"column":42}},"8":{"start":{"line":17,"column":26},"end":{"line":17,"column":58}},"9":{"start":{"line":19,"column":1},"end":{"line":21,"column":null}},"10":{"start":{"line":20,"column":2},"end":{"line":20,"column":62}},"11":{"start":{"line":23,"column":1},"end":{"line":23,"column":27}},"12":{"start":{"line":25,"column":1},"end":{"line":25,"column":13}},"13":{"start":{"line":6,"column":13},"end":{"line":6,"column":30}},"14":{"start":{"line":28,"column":38},"end":{"line":41,"column":2}},"15":{"start":{"line":32,"column":36},"end":{"line":41,"column":2}},"16":{"start":{"line":33,"column":24},"end":{"line":33,"column":28}},"17":{"start":{"line":35,"column":1},"end":{"line":35,"column":77}},"18":{"start":{"line":37,"column":18},"end":{"line":39,"column":3}},"19":{"start":{"line":40,"column":1},"end":{"line":40,"column":17}},"20":{"start":{"line":28,"column":13},"end":{"line":28,"column":38}},"21":{"start":{"line":43,"column":27},"end":{"line":52,"column":2}},"22":{"start":{"line":47,"column":38},"end":{"line":52,"column":2}},"23":{"start":{"line":48,"column":1},"end":{"line":48,"column":45}},"24":{"start":{"line":50,"column":22},"end":{"line":50,"column":47}},"25":{"start":{"line":51,"column":1},"end":{"line":51,"column":21}},"26":{"start":{"line":43,"column":13},"end":{"line":43,"column":27}},"27":{"start":{"line":54,"column":28},"end":{"line":66,"column":2}},"28":{"start":{"line":58,"column":36},"end":{"line":66,"column":2}},"29":{"start":{"line":59,"column":16},"end":{"line":59,"column":20}},"30":{"start":{"line":61,"column":1},"end":{"line":61,"column":45}},"31":{"start":{"line":63,"column":18},"end":{"line":63,"column":56}},"32":{"start":{"line":65,"column":1},"end":{"line":65,"column":17}},"33":{"start":{"line":54,"column":13},"end":{"line":54,"column":28}},"34":{"start":{"line":68,"column":28},"end":{"line":102,"column":2}},"35":{"start":{"line":72,"column":36},"end":{"line":102,"column":2}},"36":{"start":{"line":73,"column":39},"end":{"line":73,"column":52}},"37":{"start":{"line":75,"column":1},"end":{"line":77,"column":3}},"38":{"start":{"line":79,"column":19},"end":{"line":79,"column":47}},"39":{"start":{"line":81,"column":17},"end":{"line":83,"column":null}},"40":{"start":{"line":86,"column":1},"end":{"line":92,"column":3}},"41":{"start":{"line":94,"column":1},"end":{"line":99,"column":null}},"42":{"start":{"line":95,"column":2},"end":{"line":95,"column":49}},"43":{"start":{"line":96,"column":2},"end":{"line":98,"column":4}},"44":{"start":{"line":101,"column":1},"end":{"line":101,"column":16}},"45":{"start":{"line":68,"column":13},"end":{"line":68,"column":28}}},"fnMap":{"0":{"name":"(anonymous_8)","decl":{"start":{"line":6,"column":30},"end":{"line":6,"column":null}},"loc":{"start":{"line":10,"column":22},"end":{"line":26,"column":2}}},"1":{"name":"(anonymous_9)","decl":{"start":{"line":10,"column":22},"end":{"line":10,"column":null}},"loc":{"start":{"line":10,"column":22},"end":{"line":26,"column":1}}},"2":{"name":"(anonymous_10)","decl":{"start":{"line":28,"column":38},"end":{"line":28,"column":null}},"loc":{"start":{"line":32,"column":36},"end":{"line":41,"column":2}}},"3":{"name":"(anonymous_11)","decl":{"start":{"line":32,"column":36},"end":{"line":32,"column":null}},"loc":{"start":{"line":32,"column":36},"end":{"line":41,"column":1}}},"4":{"name":"(anonymous_12)","decl":{"start":{"line":43,"column":27},"end":{"line":43,"column":null}},"loc":{"start":{"line":47,"column":38},"end":{"line":52,"column":2}}},"5":{"name":"(anonymous_13)","decl":{"start":{"line":47,"column":38},"end":{"line":47,"column":null}},"loc":{"start":{"line":47,"column":38},"end":{"line":52,"column":1}}},"6":{"name":"(anonymous_14)","decl":{"start":{"line":54,"column":28},"end":{"line":54,"column":null}},"loc":{"start":{"line":58,"column":36},"end":{"line":66,"column":2}}},"7":{"name":"(anonymous_15)","decl":{"start":{"line":58,"column":36},"end":{"line":58,"column":null}},"loc":{"start":{"line":58,"column":36},"end":{"line":66,"column":1}}},"8":{"name":"(anonymous_16)","decl":{"start":{"line":68,"column":28},"end":{"line":68,"column":null}},"loc":{"start":{"line":72,"column":36},"end":{"line":102,"column":2}}},"9":{"name":"(anonymous_17)","decl":{"start":{"line":72,"column":36},"end":{"line":72,"column":null}},"loc":{"start":{"line":72,"column":36},"end":{"line":102,"column":1}}}},"branchMap":{"0":{"loc":{"start":{"line":13,"column":1},"end":{"line":15,"column":null}},"type":"if","locations":[{"start":{"line":13,"column":1},"end":{"line":15,"column":null}},{"start":{"line":13,"column":1},"end":{"line":15,"column":null}}]},"1":{"loc":{"start":{"line":19,"column":1},"end":{"line":21,"column":null}},"type":"if","locations":[{"start":{"line":19,"column":1},"end":{"line":21,"column":null}},{"start":{"line":19,"column":1},"end":{"line":21,"column":null}}]},"2":{"loc":{"start":{"line":76,"column":45},"end":{"line":76,"column":49}},"type":"cond-expr","locations":[{"start":{"line":76,"column":45},"end":{"line":76,"column":49}},{"start":{"line":76,"column":49},"end":{"line":76,"column":58}}]},"3":{"loc":{"start":{"line":75,"column":20},"end":{"line":76,"column":49}},"type":"binary-expr","locations":[{"start":{"line":75,"column":20},"end":{"line":76,"column":49}},{"start":{"line":76,"column":45},"end":{"line":76,"column":49}}]},"4":{"loc":{"start":{"line":94,"column":1},"end":{"line":99,"column":null}},"type":"if","locations":[{"start":{"line":94,"column":1},"end":{"line":99,"column":null}},{"start":{"line":94,"column":1},"end":{"line":99,"column":null}}]}},"s":{"0":2,"1":2,"2":2,"3":2,"4":0,"5":0,"6":0,"7":0,"8":0,"9":0,"10":0,"11":0,"12":0,"13":2,"14":2,"15":0,"16":0,"17":0,"18":0,"19":0,"20":2,"21":2,"22":0,"23":0,"24":0,"25":0,"26":2,"27":2,"28":0,"29":0,"30":0,"31":0,"32":0,"33":2,"34":2,"35":0,"36":0,"37":0,"38":0,"39":0,"40":0,"41":0,"42":0,"43":0,"44":0,"45":2},"f":{"0":0,"1":0,"2":0,"3":0,"4":0,"5":0,"6":0,"7":0,"8":0,"9":0},"b":{"0":[0,0],"1":[0,0],"2":[0,0],"3":[0,0],"4":[0,0]}}
,"/Users/jtamedrano/Projects/bolt/bolt_backend/src/resolvers/index.ts": {"path":"/Users/jtamedrano/Projects/bolt/bolt_backend/src/resolvers/index.ts","statementMap":{"0":{"start":{"line":1,"column":0},"end":{"line":1,"column":30}},"1":{"start":{"line":2,"column":0},"end":{"line":2,"column":34}},"2":{"start":{"line":3,"column":0},"end":{"line":3,"column":32}},"3":{"start":{"line":4,"column":0},"end":{"line":4,"column":57}},"4":{"start":{"line":5,"column":0},"end":{"line":5,"column":44}},"5":{"start":{"line":6,"column":0},"end":{"line":6,"column":52}},"6":{"start":{"line":7,"column":0},"end":{"line":7,"column":57}},"7":{"start":{"line":8,"column":0},"end":{"line":8,"column":null}},"8":{"start":{"line":14,"column":0},"end":{"line":14,"column":46}},"9":{"start":{"line":15,"column":0},"end":{"line":15,"column":42}},"10":{"start":{"line":16,"column":0},"end":{"line":16,"column":33}},"11":{"start":{"line":17,"column":0},"end":{"line":17,"column":74}},"12":{"start":{"line":18,"column":0},"end":{"line":18,"column":null}},"13":{"start":{"line":26,"column":13},"end":{"line":59,"column":2}}},"fnMap":{},"branchMap":{},"s":{"0":2,"1":2,"2":2,"3":2,"4":2,"5":2,"6":2,"7":2,"8":2,"9":2,"10":2,"11":2,"12":2,"13":2},"f":{},"b":{}}
,"/Users/jtamedrano/Projects/bolt/bolt_backend/src/resolvers/login.ts": {"path":"/Users/jtamedrano/Projects/bolt/bolt_backend/src/resolvers/login.ts","statementMap":{"0":{"start":{"line":1,"column":0},"end":{"line":1,"column":34}},"1":{"start":{"line":2,"column":0},"end":{"line":2,"column":69}},"2":{"start":{"line":3,"column":0},"end":{"line":3,"column":52}},"3":{"start":{"line":5,"column":21},"end":{"line":85,"column":2}},"4":{"start":{"line":9,"column":36},"end":{"line":85,"column":2}},"5":{"start":{"line":10,"column":1},"end":{"line":10,"column":51}},"6":{"start":{"line":12,"column":1},"end":{"line":14,"column":null}},"7":{"start":{"line":13,"column":2},"end":{"line":13,"column":39}},"8":{"start":{"line":16,"column":39},"end":{"line":16,"column":55}},"9":{"start":{"line":18,"column":1},"end":{"line":18,"column":32}},"10":{"start":{"line":20,"column":1},"end":{"line":26,"column":3}},"11":{"start":{"line":31,"column":5},"end":{"line":33,"column":65}},"12":{"start":{"line":35,"column":37},"end":{"line":35,"column":46}},"13":{"start":{"line":37,"column":1},"end":{"line":40,"column":null}},"14":{"start":{"line":38,"column":2},"end":{"line":38,"column":62}},"15":{"start":{"line":39,"column":2},"end":{"line":39,"column":60}},"16":{"start":{"line":42,"column":1},"end":{"line":50,"column":null}},"17":{"start":{"line":43,"column":2},"end":{"line":43,"column":70}},"18":{"start":{"line":44,"column":2},"end":{"line":49,"column":12}},"19":{"start":{"line":52,"column":1},"end":{"line":57,"column":null}},"20":{"start":{"line":53,"column":2},"end":{"line":53,"column":62}},"21":{"start":{"line":54,"column":2},"end":{"line":56,"column":4}},"22":{"start":{"line":59,"column":18},"end":{"line":61,"column":27}},"23":{"start":{"line":63,"column":1},"end":{"line":67,"column":null}},"24":{"start":{"line":64,"column":2},"end":{"line":66,"column":4}},"25":{"start":{"line":69,"column":1},"end":{"line":72,"column":3}},"26":{"start":{"line":73,"column":13},"end":{"line":73,"column":35}},"27":{"start":{"line":75,"column":1},"end":{"line":77,"column":null}},"28":{"start":{"line":76,"column":2},"end":{"line":76,"column":57}},"29":{"start":{"line":79,"column":1},"end":{"line":79,"column":50}},"30":{"start":{"line":81,"column":1},"end":{"line":84,"column":3}},"31":{"start":{"line":5,"column":13},"end":{"line":5,"column":21}}},"fnMap":{"0":{"name":"(anonymous_8)","decl":{"start":{"line":5,"column":21},"end":{"line":5,"column":null}},"loc":{"start":{"line":9,"column":36},"end":{"line":85,"column":2}}},"1":{"name":"(anonymous_9)","decl":{"start":{"line":9,"column":36},"end":{"line":9,"column":null}},"loc":{"start":{"line":9,"column":36},"end":{"line":85,"column":1}}}},"branchMap":{"0":{"loc":{"start":{"line":12,"column":1},"end":{"line":14,"column":null}},"type":"if","locations":[{"start":{"line":12,"column":1},"end":{"line":14,"column":null}},{"start":{"line":12,"column":1},"end":{"line":14,"column":null}}]},"1":{"loc":{"start":{"line":32,"column":4},"end":{"line":32,"column":41}},"type":"cond-expr","locations":[{"start":{"line":32,"column":4},"end":{"line":32,"column":41}},{"start":{"line":33,"column":4},"end":{"line":33,"column":65}}]},"2":{"loc":{"start":{"line":33,"column":20},"end":{"line":33,"column":27}},"type":"cond-expr","locations":[{"start":{"line":33,"column":20},"end":{"line":33,"column":27}},{"start":{"line":33,"column":30},"end":{"line":33,"column":36}}]},"3":{"loc":{"start":{"line":33,"column":53},"end":{"line":33,"column":58}},"type":"cond-expr","locations":[{"start":{"line":33,"column":53},"end":{"line":33,"column":58}},{"start":{"line":33,"column":61},"end":{"line":33,"column":63}}]},"4":{"loc":{"start":{"line":37,"column":1},"end":{"line":40,"column":null}},"type":"if","locations":[{"start":{"line":37,"column":1},"end":{"line":40,"column":null}},{"start":{"line":37,"column":1},"end":{"line":40,"column":null}}]},"5":{"loc":{"start":{"line":42,"column":1},"end":{"line":50,"column":null}},"type":"if","locations":[{"start":{"line":42,"column":1},"end":{"line":50,"column":null}},{"start":{"line":42,"column":1},"end":{"line":50,"column":null}}]},"6":{"loc":{"start":{"line":46,"column":22},"end":{"line":46,"column":24}},"type":"cond-expr","locations":[{"start":{"line":46,"column":22},"end":{"line":46,"column":24}},{"start":{"line":46,"column":14},"end":{"line":46,"column":37}}]},"7":{"loc":{"start":{"line":46,"column":14},"end":{"line":46,"column":24}},"type":"binary-expr","locations":[{"start":{"line":46,"column":14},"end":{"line":46,"column":24}},{"start":{"line":46,"column":14},"end":{"line":46,"column":24}}]},"8":{"loc":{"start":{"line":47,"column":17},"end":{"line":47,"column":19}},"type":"cond-expr","locations":[{"start":{"line":47,"column":17},"end":{"line":47,"column":19}},{"start":{"line":47,"column":9},"end":{"line":47,"column":32}}]},"9":{"loc":{"start":{"line":47,"column":9},"end":{"line":47,"column":19}},"type":"binary-expr","locations":[{"start":{"line":47,"column":9},"end":{"line":47,"column":19}},{"start":{"line":47,"column":9},"end":{"line":47,"column":19}}]},"10":{"loc":{"start":{"line":52,"column":1},"end":{"line":57,"column":null}},"type":"if","locations":[{"start":{"line":52,"column":1},"end":{"line":57,"column":null}},{"start":{"line":52,"column":1},"end":{"line":57,"column":null}}]},"11":{"loc":{"start":{"line":63,"column":1},"end":{"line":67,"column":null}},"type":"if","locations":[{"start":{"line":63,"column":1},"end":{"line":67,"column":null}},{"start":{"line":63,"column":1},"end":{"line":67,"column":null}}]},"12":{"loc":{"start":{"line":75,"column":1},"end":{"line":77,"column":null}},"type":"if","locations":[{"start":{"line":75,"column":1},"end":{"line":77,"column":null}},{"start":{"line":75,"column":1},"end":{"line":77,"column":null}}]}},"s":{"0":2,"1":2,"2":2,"3":2,"4":0,"5":0,"6":0,"7":0,"8":0,"9":0,"10":0,"11":0,"12":0,"13":0,"14":0,"15":0,"16":0,"17":0,"18":0,"19":0,"20":0,"21":0,"22":0,"23":0,"24":0,"25":0,"26":0,"27":0,"28":0,"29":0,"30":0,"31":2},"f":{"0":0,"1":0},"b":{"0":[0,0],"1":[0,0],"2":[0,0],"3":[0,0],"4":[0,0],"5":[0,0],"6":[0,0],"7":[0,0],"8":[0,0],"9":[0,0],"10":[0,0],"11":[0,0],"12":[0,0]}}
,"/Users/jtamedrano/Projects/bolt/bolt_backend/src/resolvers/serverStatus.ts": {"path":"/Users/jtamedrano/Projects/bolt/bolt_backend/src/resolvers/serverStatus.ts","statementMap":{"0":{"start":{"line":1,"column":28},"end":{"line":7,"column":1}},"1":{"start":{"line":6,"column":1},"end":{"line":6,"column":13}},"2":{"start":{"line":1,"column":13},"end":{"line":1,"column":28}}},"fnMap":{"0":{"name":"(anonymous_0)","decl":{"start":{"line":1,"column":28},"end":{"line":1,"column":null}},"loc":{"start":{"line":5,"column":13},"end":{"line":7,"column":1}}}},"branchMap":{},"s":{"0":2,"1":0,"2":2},"f":{"0":0},"b":{}}
,"/Users/jtamedrano/Projects/bolt/bolt_backend/src/resolvers/signup.ts": {"path":"/Users/jtamedrano/Projects/bolt/bolt_backend/src/resolvers/signup.ts","statementMap":{"0":{"start":{"line":1,"column":0},"end":{"line":1,"column":26}},"1":{"start":{"line":2,"column":0},"end":{"line":2,"column":34}},"2":{"start":{"line":3,"column":0},"end":{"line":3,"column":60}},"3":{"start":{"line":4,"column":0},"end":{"line":4,"column":49}},"4":{"start":{"line":7,"column":1},"end":{"line":9,"column":40}},"5":{"start":{"line":11,"column":22},"end":{"line":69,"column":2}},"6":{"start":{"line":15,"column":29},"end":{"line":69,"column":2}},"7":{"start":{"line":16,"column":1},"end":{"line":16,"column":52}},"8":{"start":{"line":18,"column":1},"end":{"line":20,"column":null}},"9":{"start":{"line":19,"column":2},"end":{"line":19,"column":62}},"10":{"start":{"line":22,"column":45},"end":{"line":22,"column":54}},"11":{"start":{"line":24,"column":1},"end":{"line":27,"column":3}},"12":{"start":{"line":30,"column":20},"end":{"line":30,"column":63}},"13":{"start":{"line":32,"column":1},"end":{"line":34,"column":null}},"14":{"start":{"line":33,"column":2},"end":{"line":33,"column":43}},"15":{"start":{"line":37,"column":13},"end":{"line":37,"column":29}},"16":{"start":{"line":39,"column":14},"end":{"line":46,"column":3}},"17":{"start":{"line":48,"column":16},"end":{"line":48,"column":41}},"18":{"start":{"line":50,"column":15},"end":{"line":50,"column":53}},"19":{"start":{"line":52,"column":14},"end":{"line":59,"column":null}},"20":{"start":{"line":62,"column":1},"end":{"line":62,"column":54}},"21":{"start":{"line":62,"column":12},"end":{"line":62,"column":54}},"22":{"start":{"line":66,"column":1},"end":{"line":66,"column":57}},"23":{"start":{"line":68,"column":1},"end":{"line":68,"column":13}},"24":{"start":{"line":11,"column":13},"end":{"line":11,"column":22}}},"fnMap":{"0":{"name":"(anonymous_8)","decl":{"start":{"line":11,"column":22},"end":{"line":11,"column":null}},"loc":{"start":{"line":15,"column":29},"end":{"line":69,"column":2}}},"1":{"name":"(anonymous_9)","decl":{"start":{"line":15,"column":29},"end":{"line":15,"column":null}},"loc":{"start":{"line":15,"column":29},"end":{"line":69,"column":1}}}},"branchMap":{"0":{"loc":{"start":{"line":8,"column":4},"end":{"line":8,"column":38}},"type":"cond-expr","locations":[{"start":{"line":8,"column":4},"end":{"line":8,"column":38}},{"start":{"line":9,"column":4},"end":{"line":9,"column":40}}]},"1":{"loc":{"start":{"line":18,"column":1},"end":{"line":20,"column":null}},"type":"if","locations":[{"start":{"line":18,"column":1},"end":{"line":20,"column":null}},{"start":{"line":18,"column":1},"end":{"line":20,"column":null}}]},"2":{"loc":{"start":{"line":32,"column":1},"end":{"line":34,"column":null}},"type":"if","locations":[{"start":{"line":32,"column":1},"end":{"line":34,"column":null}},{"start":{"line":32,"column":1},"end":{"line":34,"column":null}}]},"3":{"loc":{"start":{"line":62,"column":1},"end":{"line":62,"column":54}},"type":"if","locations":[{"start":{"line":62,"column":1},"end":{"line":62,"column":54}},{"start":{"line":62,"column":1},"end":{"line":62,"column":54}}]}},"s":{"0":2,"1":2,"2":2,"3":2,"4":2,"5":2,"6":1,"7":1,"8":1,"9":0,"10":1,"11":1,"12":1,"13":1,"14":0,"15":1,"16":1,"17":1,"18":1,"19":1,"20":1,"21":0,"22":1,"23":1,"24":2},"f":{"0":1,"1":1},"b":{"0":[0,2],"1":[0,1],"2":[0,1],"3":[0,1]}}
,"/Users/jtamedrano/Projects/bolt/bolt_backend/src/resolvers/test.ts": {"path":"/Users/jtamedrano/Projects/bolt/bolt_backend/src/resolvers/test.ts","statementMap":{"0":{"start":{"line":1,"column":20},"end":{"line":3,"column":1}},"1":{"start":{"line":2,"column":1},"end":{"line":2,"column":16}},"2":{"start":{"line":1,"column":13},"end":{"line":1,"column":20}}},"fnMap":{"0":{"name":"(anonymous_0)","decl":{"start":{"line":1,"column":20},"end":{"line":1,"column":48}},"loc":{"start":{"line":1,"column":50},"end":{"line":3,"column":1}}}},"branchMap":{},"s":{"0":2,"1":0,"2":2},"f":{"0":0},"b":{}}
,"/Users/jtamedrano/Projects/bolt/bolt_backend/src/resolvers/user.ts": {"path":"/Users/jtamedrano/Projects/bolt/bolt_backend/src/resolvers/user.ts","statementMap":{"0":{"start":{"line":1,"column":0},"end":{"line":1,"column":34}},"1":{"start":{"line":3,"column":13},"end":{"line":20,"column":2}},"2":{"start":{"line":8,"column":5},"end":{"line":19,"column":null}},"3":{"start":{"line":9,"column":2},"end":{"line":9,"column":41}},"4":{"start":{"line":11,"column":25},"end":{"line":16,"column":11}},"5":{"start":{"line":18,"column":2},"end":{"line":18,"column":20}},"6":{"start":{"line":22,"column":20},"end":{"line":32,"column":2}},"7":{"start":{"line":26,"column":29},"end":{"line":32,"column":2}},"8":{"start":{"line":27,"column":16},"end":{"line":27,"column":20}},"9":{"start":{"line":29,"column":14},"end":{"line":29,"column":54}},"10":{"start":{"line":31,"column":1},"end":{"line":31,"column":13}},"11":{"start":{"line":22,"column":13},"end":{"line":22,"column":20}},"12":{"start":{"line":34,"column":26},"end":{"line":49,"column":2}},"13":{"start":{"line":38,"column":29},"end":{"line":49,"column":2}},"14":{"start":{"line":39,"column":1},"end":{"line":39,"column":38}},"15":{"start":{"line":41,"column":16},"end":{"line":41,"column":76}},"16":{"start":{"line":43,"column":1},"end":{"line":46,"column":null}},"17":{"start":{"line":44,"column":2},"end":{"line":44,"column":70}},"18":{"start":{"line":45,"column":2},"end":{"line":45,"column":61}},"19":{"start":{"line":48,"column":1},"end":{"line":48,"column":15}},"20":{"start":{"line":34,"column":13},"end":{"line":34,"column":26}}},"fnMap":{"0":{"name":"(anonymous_8)","decl":{"start":{"line":4,"column":13},"end":{"line":4,"column":null}},"loc":{"start":{"line":8,"column":5},"end":{"line":19,"column":null}}},"1":{"name":"(anonymous_9)","decl":{"start":{"line":8,"column":5},"end":{"line":8,"column":null}},"loc":{"start":{"line":8,"column":5},"end":{"line":19,"column":2}}},"2":{"name":"(anonymous_10)","decl":{"start":{"line":22,"column":20},"end":{"line":22,"column":null}},"loc":{"start":{"line":26,"column":29},"end":{"line":32,"column":2}}},"3":{"name":"(anonymous_11)","decl":{"start":{"line":26,"column":29},"end":{"line":26,"column":null}},"loc":{"start":{"line":26,"column":29},"end":{"line":32,"column":1}}},"4":{"name":"(anonymous_12)","decl":{"start":{"line":34,"column":26},"end":{"line":34,"column":null}},"loc":{"start":{"line":38,"column":29},"end":{"line":49,"column":2}}},"5":{"name":"(anonymous_13)","decl":{"start":{"line":38,"column":29},"end":{"line":38,"column":null}},"loc":{"start":{"line":38,"column":29},"end":{"line":49,"column":1}}}},"branchMap":{"0":{"loc":{"start":{"line":43,"column":1},"end":{"line":46,"column":null}},"type":"if","locations":[{"start":{"line":43,"column":1},"end":{"line":46,"column":null}},{"start":{"line":43,"column":1},"end":{"line":46,"column":null}}]}},"s":{"0":2,"1":2,"2":0,"3":0,"4":0,"5":0,"6":2,"7":0,"8":0,"9":0,"10":0,"11":2,"12":2,"13":0,"14":0,"15":0,"16":0,"17":0,"18":0,"19":0,"20":2},"f":{"0":0,"1":0,"2":0,"3":0,"4":0,"5":0},"b":{"0":[0,0]}}
,"/Users/jtamedrano/Projects/bolt/bolt_backend/src/resolvers/verifyEmail.ts": {"path":"/Users/jtamedrano/Projects/bolt/bolt_backend/src/resolvers/verifyEmail.ts","statementMap":{"0":{"start":{"line":1,"column":0},"end":{"line":1,"column":35}},"1":{"start":{"line":2,"column":0},"end":{"line":2,"column":34}},"2":{"start":{"line":3,"column":0},"end":{"line":3,"column":34}},"3":{"start":{"line":4,"column":0},"end":{"line":4,"column":52}},"4":{"start":{"line":6,"column":27},"end":{"line":35,"column":2}},"5":{"start":{"line":10,"column":22},"end":{"line":35,"column":2}},"6":{"start":{"line":11,"column":19},"end":{"line":11,"column":23}},"7":{"start":{"line":13,"column":53},"end":{"line":13,"column":69}},"8":{"start":{"line":15,"column":1},"end":{"line":16,"column":54}},"9":{"start":{"line":16,"column":2},"end":{"line":16,"column":54}},"10":{"start":{"line":18,"column":14},"end":{"line":18,"column":70}},"11":{"start":{"line":20,"column":1},"end":{"line":20,"column":46}},"12":{"start":{"line":22,"column":1},"end":{"line":22,"column":51}},"13":{"start":{"line":22,"column":12},"end":{"line":22,"column":51}},"14":{"start":{"line":24,"column":1},"end":{"line":27,"column":29}},"15":{"start":{"line":29,"column":1},"end":{"line":32,"column":null}},"16":{"start":{"line":30,"column":2},"end":{"line":30,"column":45}},"17":{"start":{"line":31,"column":2},"end":{"line":31,"column":42}},"18":{"start":{"line":34,"column":1},"end":{"line":34,"column":13}},"19":{"start":{"line":6,"column":13},"end":{"line":6,"column":27}}},"fnMap":{"0":{"name":"(anonymous_8)","decl":{"start":{"line":6,"column":27},"end":{"line":6,"column":null}},"loc":{"start":{"line":10,"column":22},"end":{"line":35,"column":2}}},"1":{"name":"(anonymous_9)","decl":{"start":{"line":10,"column":22},"end":{"line":10,"column":null}},"loc":{"start":{"line":10,"column":22},"end":{"line":35,"column":1}}}},"branchMap":{"0":{"loc":{"start":{"line":15,"column":1},"end":{"line":16,"column":54}},"type":"if","locations":[{"start":{"line":15,"column":1},"end":{"line":16,"column":54}},{"start":{"line":15,"column":1},"end":{"line":16,"column":54}}]},"1":{"loc":{"start":{"line":22,"column":1},"end":{"line":22,"column":51}},"type":"if","locations":[{"st
[...]
nd":{"line":69,"column":null}}]},"2":{"loc":{"start":{"line":51,"column":10},"end":{"line":69,"column":null}},"type":"if","locations":[{"start":{"line":51,"column":10},"end":{"line":69,"column":null}},{"start":{"line":51,"column":10},"end":{"line":69,"column":null}}]},"3":{"loc":{"start":{"line":58,"column":10},"end":{"line":69,"column":null}},"type":"if","locations":[{"start":{"line":58,"column":10},"end":{"line":69,"column":null}},{"start":{"line":58,"column":10},"end":{"line":69,"column":null}}]},"4":{"loc":{"start":{"line":76,"column":3},"end":{"line":104,"column":null}},"type":"if","locations":[{"start":{"line":76,"column":3},"end":{"line":104,"column":null}},{"start":{"line":76,"column":3},"end":{"line":104,"column":null}}]},"5":{"loc":{"start":{"line":86,"column":10},"end":{"line":104,"column":null}},"type":"if","locations":[{"start":{"line":86,"column":10},"end":{"line":104,"column":null}},{"start":{"line":86,"column":10},"end":{"line":104,"column":null}}]},"6":{"loc":{"start":{"line":91,"column":10},"end":{"line":104,"column":null}},"type":"if","locations":[{"start":{"line":91,"column":10},"end":{"line":104,"column":null}},{"start":{"line":91,"column":10},"end":{"line":104,"column":null}}]},"7":{"loc":{"start":{"line":96,"column":10},"end":{"line":104,"column":null}},"type":"if","locations":[{"start":{"line":96,"column":10},"end":{"line":104,"column":null}},{"start":{"line":96,"column":10},"end":{"line":104,"column":null}}]},"8":{"loc":{"start":{"line":115,"column":4},"end":{"line":146,"column":null}},"type":"if","locations":[{"start":{"line":115,"column":4},"end":{"line":146,"column":null}},{"start":{"line":115,"column":4},"end":{"line":146,"column":null}}]},"9":{"loc":{"start":{"line":125,"column":11},"end":{"line":146,"column":null}},"type":"if","locations":[{"start":{"line":125,"column":11},"end":{"line":146,"column":null}},{"start":{"line":125,"column":11},"end":{"line":146,"column":null}}]},"10":{"loc":{"start":{"line":130,"column":11},"end":{"line":146,"column":null}},"type":"if","locations":[{"start":{"line":130,"column":11},"end":{"line":146,"column":null}},{"start":{"line":130,"column":11},"end":{"line":146,"column":null}}]},"11":{"loc":{"start":{"line":135,"column":11},"end":{"line":146,"column":null}},"type":"if","locations":[{"start":{"line":135,"column":11},"end":{"line":146,"column":null}},{"start":{"line":135,"column":11},"end":{"line":146,"column":null}}]},"12":{"loc":{"start":{"line":155,"column":2},"end":{"line":159,"column":null}},"type":"if","locations":[{"start":{"line":155,"column":2},"end":{"line":159,"column":null}},{"start":{"line":155,"column":2},"end":{"line":159,"column":null}}]}},"s":{"0":2,"1":2,"2":0,"3":0,"4":0,"5":0,"6":0,"7":0,"8":0,"9":0,"10":0,"11":0,"12":0,"13":0,"14":0,"15":0,"16":0,"17":0,"18":0,"19":0,"20":0,"21":0,"22":0,"23":0,"24":0,"25":0,"26":0,"27":0,"28":0,"29":0,"30":0,"31":0,"32":0,"33":0,"34":0,"35":0,"36":0,"37":0,"38":0,"39":0,"40":0,"41":0,"42":0,"43":0,"44":0,"45":0,"46":0,"47":0,"48":0,"49":0,"50":0,"51":0,"52":0,"53":0,"54":0,"55":0,"56":0,"57":2},"f":{"0":0,"1":0,"2":0,"3":0,"4":0,"5":0,"6":0},"b":{"0":[0,0],"1":[0,0],"2":[0,0],"3":[0,0],"4":[0,0],"5":[0,0],"6":[0,0],"7":[0,0],"8":[0,0],"9":[0,0],"10":[0,0],"11":[0,0],"12":[0,0]}}
,"/Users/jtamedrano/Projects/bolt/bolt_backend/src/utils/InitializeConfig.ts": {"path":"/Users/jtamedrano/Projects/bolt/bolt_backend/src/utils/InitializeConfig.ts","statementMap":{"0":{"start":{"line":1,"column":0},"end":{"line":1,"column":28}},"1":{"start":{"line":4,"column":32},"end":{"line":23,"column":1}},"2":{"start":{"line":5,"column":1},"end":{"line":5,"column":17}},"3":{"start":{"line":7,"column":1},"end":{"line":7,"column":36}},"4":{"start":{"line":9,"column":38},"end":{"line":20,"column":3}},"5":{"start":{"line":22,"column":1},"end":{"line":22,"column":15}},"6":{"start":{"line":4,"column":13},"end":{"line":4,"column":32}}},"fnMap":{"0":{"name":"(anonymous_1)","decl":{"start":{"line":4,"column":32},"end":{"line":4,"column":57}},"loc":{"start":{"line":4,"column":59},"end":{"line":23,"column":1}}}},"branchMap":{"0":{"loc":{"start":{"line":10,"column":32},"end":{"line":10,"column":36}},"type":"cond-expr","locations":[{"start":{"line":10,"column":32},"end":{"line":10,"column":36}},{"start":{"line":10,"column":36},"end":{"line":10,"column":38}}]},"1":{"loc":{"start":{"line":10,"column":6},"end":{"line":10,"column":36}},"type":"binary-expr","locations":[{"start":{"line":10,"column":6},"end":{"line":10,"column":36}},{"start":{"line":10,"column":32},"end":{"line":10,"column":36}}]},"2":{"loc":{"start":{"line":11,"column":30},"end":{"line":11,"column":34}},"type":"cond-expr","locations":[{"start":{"line":11,"column":30},"end":{"line":11,"column":34}},{"start":{"line":11,"column":34},"end":{"line":11,"column":36}}]},"3":{"loc":{"start":{"line":11,"column":9},"end":{"line":11,"column":34}},"type":"binary-expr","locations":[{"start":{"line":11,"column":9},"end":{"line":11,"column":34}},{"start":{"line":11,"column":30},"end":{"line":11,"column":34}}]},"4":{"loc":{"start":{"line":12,"column":38},"end":{"line":12,"column":42}},"type":"cond-expr","locations":[{"start":{"line":12,"column":38},"end":{"line":12,"column":42}},{"start":{"line":12,"column":42},"end":{"line":12,"column":44}}]},"5":{"loc":{"start":{"line":12,"column":13},"end":{"line":12,"column":42}},"type":"binary-expr","locations":[{"start":{"line":12,"column":13},"end":{"line":12,"column":42}},{"start":{"line":12,"column":38},"end":{"line":12,"column":42}}]},"6":{"loc":{"start":{"line":13,"column":38},"end":{"line":13,"column":42}},"type":"cond-expr","locations":[{"start":{"line":13,"column":38},"end":{"line":13,"column":42}},{"start":{"line":13,"column":42},"end":{"line":13,"column":44}}]},"7":{"loc":{"start":{"line":13,"column":13},"end":{"line":13,"column":42}},"type":"binary-expr","locations":[{"start":{"line":13,"column":13},"end":{"line":13,"column":42}},{"start":{"line":13,"column":38},"end":{"line":13,"column":42}}]},"8":{"loc":{"start":{"line":14,"column":30},"end":{"line":14,"column":34}},"type":"cond-expr","locations":[{"start":{"line":14,"column":30},"end":{"line":14,"column":34}},{"start":{"line":14,"column":34},"end":{"line":14,"column":36}}]},"9":{"loc":{"start":{"line":14,"column":9},"end":{"line":14,"column":34}},"type":"binary-expr","locations":[{"start":{"line":14,"column":9},"end":{"line":14,"column":34}},{"start":{"line":14,"column":30},"end":{"line":14,"column":34}}]},"10":{"loc":{"start":{"line":15,"column":34},"end":{"line":15,"column":38}},"type":"cond-expr","locations":[{"start":{"line":15,"column":34},"end":{"line":15,"column":38}},{"start":{"line":15,"column":38},"end":{"line":15,"column":40}}]},"11":{"loc":{"start":{"line":15,"column":11},"end":{"line":15,"column":38}},"type":"binary-expr","locations":[{"start":{"line":15,"column":11},"end":{"line":15,"column":38}},{"start":{"line":15,"column":34},"end":{"line":15,"column":38}}]},"12":{"loc":{"start":{"line":16,"column":44},"end":{"line":16,"column":48}},"type":"cond-expr","locations":[{"start":{"line":16,"column":44},"end":{"line":16,"column":48}},{"start":{"line":16,"column":48},"end":{"line":16,"column":50}}]},"13":{"loc":{"start":{"line":16,"column":16},"end":{"line":16,"column":48}},"type":"binary-expr","locations":[{"start":{"line":16,"column":16},"end":{"line":16,"column":48}},{"start":{"line":16,"column":44},"end":{"line":16,"column":48}}]},"14":{"loc":{"start":{"line":17,"column":44},"end":{"line":17,"column":48}},"type":"cond-expr","locations":[{"start":{"line":17,"column":44},"end":{"line":17,"column":48}},{"start":{"line":17,"column":48},"end":{"line":17,"column":50}}]},"15":{"loc":{"start":{"line":17,"column":16},"end":{"line":17,"column":48}},"type":"binary-expr","locations":[{"start":{"line":17,"column":16},"end":{"line":17,"column":48}},{"start":{"line":17,"column":44},"end":{"line":17,"column":48}}]},"16":{"loc":{"start":{"line":18,"column":28},"end":{"line":18,"column":32}},"type":"cond-expr","locations":[{"start":{"line":18,"column":28},"end":{"line":18,"column":32}},{"start":{"line":18,"column":32},"end":{"line":18,"column":34}}]},"17":{"loc":{"start":{"line":18,"column":8},"end":{"line":18,"column":32}},"type":"binary-expr","locations":[{"start":{"line":18,"column":8},"end":{"line":18,"column":32}},{"start":{"line":18,"column":28},"end":{"line":18,"column":32}}]},"18":{"loc":{"start":{"line":19,"column":36},"end":{"line":19,"column":40}},"type":"cond-expr","locations":[{"start":{"line":19,"column":36},"end":{"line":19,"column":40}},{"start":{"line":19,"column":40},"end":{"line":19,"column":42}}]},"19":{"loc":{"start":{"line":19,"column":12},"end":{"line":19,"column":40}},"type":"binary-expr","locations":[{"start":{"line":19,"column":12},"end":{"line":19,"column":40}},{"start":{"line":19,"column":36},"end":{"line":19,"column":40}}]}},"s":{"0":2,"1":2,"2":5,"3":5,"4":5,"5":5,"6":2},"f":{"0":5},"b":{"0":[5,0],"1":[5,5],"2":[5,0],"3":[5,5],"4":[5,0],"5":[5,5],"6":[5,0],"7":[5,5],"8":[5,0],"9":[5,5],"10":[5,0],"11":[5,5],"12":[5,0],"13":[5,5],"14":[5,0],"15":[5,5],"16":[5,0],"17":[5,5],"18":[5,0],"19":[5,5]}}
,"/Users/jtamedrano/Projects/bolt/bolt_backend/src/utils/InitializeMiddleware.ts": {"path":"/Users/jtamedrano/Projects/bolt/bolt_backend/src/utils/InitializeMiddleware.ts","statementMap":{"0":{"start":{"line":1,"column":0},"end":{"line":1,"column":24}},"1":{"start":{"line":2,"column":0},"end":{"line":2,"column":28}},"2":{"start":{"line":4,"column":0},"end":{"line":4,"column":28}},"3":{"start":{"line":5,"column":0},"end":{"line":5,"column":34}},"4":{"start":{"line":7,"column":29},"end":{"line":25,"column":1}},"5":{"start":{"line":8,"column":1},"end":{"line":8,"column":17}},"6":{"start":{"line":10,"column":1},"end":{"line":10,"column":17}},"7":{"start":{"line":12,"column":1},"end":{"line":24,"column":null}},"8":{"start":{"line":13,"column":2},"end":{"line":23,"column":null}},"9":{"start":{"line":15,"column":4},"end":{"line":15,"column":31}},"10":{"start":{"line":16,"column":4},"end":{"line":16,"column":10}},"11":{"start":{"line":18,"column":4},"end":{"line":18,"column":27}},"12":{"start":{"line":19,"column":4},"end":{"line":19,"column":10}},"13":{"start":{"line":21,"column":4},"end":{"line":21,"column":11}},"14":{"start":{"line":22,"column":4},"end":{"line":22,"column":10}},"15":{"start":{"line":27,"column":0},"end":{"line":27,"column":36}}},"fnMap":{"0":{"name":"(anonymous_1)","decl":{"start":{"line":7,"column":29},"end":{"line":7,"column":30}},"loc":{"start":{"line":7,"column":52},"end":{"line":25,"column":1}}}},"branchMap":{"0":{"loc":{"start":{"line":12,"column":1},"end":{"line":24,"column":null}},"type":"if","locations":[{"start":{"line":12,"column":1},"end":{"line":24,"column":null}},{"start":{"line":12,"column":1},"end":{"line":24,"column":null}}]},"1":{"loc":{"start":{"line":14,"column":3},"end":{"line":16,"column":10}},"type":"switch","locations":[{"start":{"line":14,"column":3},"end":{"line":16,"column":10}},{"start":{"line":17,"column":3},"end":{"line":19,"column":10}},{"start":{"line":20,"column":3},"end":{"line":22,"column":10}}]}},"s":{"0":2,"1":2,"2":2,"3":2,"4":2,"5":2,"6":2,"7":2,"8":0,"9":0,"10":0,"11":0,"12":0,"13":0,"14":0,"15":2},"f":{"0":2},"b":{"0":[0,2],"1":[0,0,0]}}
,"/Users/jtamedrano/Projects/bolt/bolt_backend/src/utils/logger.ts": {"path":"/Users/jtamedrano/Projects/bolt/bolt_backend/src/utils/logger.ts","statementMap":{"0":{"start":{"line":1,"column":0},"end":{"line":1,"column":31}},"1":{"start":{"line":2,"column":0},"end":{"line":2,"column":28}},"2":{"start":{"line":4,"column":0},"end":{"line":4,"column":16}},"3":{"start":{"line":5,"column":0},"end":{"line":5,"column":50}},"4":{"start":{"line":7,"column":13},"end":{"line":9,"column":40}},"5":{"start":{"line":11,"column":0},"end":{"line":11,"column":30}},"6":{"start":{"line":13,"column":28},"end":{"line":13,"column":71}},"7":{"start":{"line":14,"column":0},"end":{"line":14,"column":22}}},"fnMap":{},"branchMap":{},"s":{"0":2,"1":2,"2":2,"3":2,"4":2,"5":2,"6":2,"7":2},"f":{},"b":{}}
,"/Users/jtamedrano/Projects/bolt/bolt_backend/tests/knexfile.ts": {"path":"/Users/jtamedrano/Projects/bolt/bolt_backend/tests/knexfile.ts","statementMap":{"0":{"start":{"line":3,"column":0},"end":{"line":3,"column":31}},"1":{"start":{"line":6,"column":28},"end":{"line":17,"column":2}},"2":{"start":{"line":19,"column":0},"end":{"line":19,"column":33}}},"fnMap":{},"branchMap":{},"s":{"0":2,"1":2,"2":2},"f":{},"b":{}}
,"/Users/jtamedrano/Projects/bolt/bolt_backend/tests/migrations/20210222151300_users.ts": {"path":"/Users/jtamedrano/Projects/bolt/bolt_backend/tests/migrations/20210222151300_users.ts","statementMap":{"0":{"start":{"line":4,"column":1},"end":{"line":14,"column":4}},"1":{"start":{"line":5,"column":2},"end":{"line":5,"column":23}},"2":{"start":{"line":6,"column":2},"end":{"line":6,"column":22}},"3":{"start":{"line":7,"column":2},"end":{"line":7,"column":21}},"4":{"start":{"line":8,"column":2},"end":{"line":8,"column":25}},"5":{"start":{"line":9,"column":2},"end":{"line":9,"column":25}},"6":{"start":{"line":10,"column":2},"end":{"line":10,"column":20}},"7":{"start":{"line":11,"column":2},"end":{"line":11,"column":26}},"8":{"start":{"line":12,"column":2},"end":{"line":12,"column":43}},"9":{"start":{"line":13,"column":2},"end":{"line":13,"column":23}},"10":{"start":{"line":3,"column":0},"end":{"line":3,"column":22}},"11":{"start":{"line":18,"column":1},"end":{"line":18,"column":47}},"12":{"start":{"line":17,"column":0},"end":{"line":17,"column":22}}},"fnMap":{"0":{"name":"up","decl":{"start":{"line":3,"column":22},"end":{"line":3,"column":24}},"loc":{"start":{"line":3,"column":35},"end":{"line":15,"column":null}}},"1":{"name":"(anonymous_9)","decl":{"start":{"line":4,"column":41},"end":{"line":4,"column":44}},"loc":{"start":{"line":4,"column":47},"end":{"line":14,"column":2}}},"2":{"name":"down","decl":{"start":{"line":17,"column":22},"end":{"line":17,"column":26}},"loc":{"start":{"line":17,"column":37},"end":{"line":19,"column":null}}}},"branchMap":{},"s":{"0":2,"1":2,"2":2,"3":2,"4":2,"5":2,"6":2,"7":2,"8":2,"9":2,"10":2,"11":0,"12":2},"f":{"0":2,"1":2,"2":0},"b":{}}
,"/Users/jtamedrano/Projects/bolt/bolt_backend/tests/migrations/20210224122117_admins.ts": {"path":"/Users/jtamedrano/Projects/bolt/bolt_backend/tests/migrations/20210224122117_admins.ts","statementMap":{"0":{"start":{"line":4,"column":1},"end":{"line":14,"column":4}},"1":{"start":{"line":5,"column":2},"end":{"line":5,"column":23}},"2":{"start":{"line":6,"column":2},"end":{"line":6,"column":25}},"3":{"start":{"line":7,"column":2},"end":{"line":7,"column":22}},"4":{"start":{"line":8,"column":2},"end":{"line":8,"column":21}},"5":{"start":{"line":9,"column":2},"end":{"line":9,"column":25}},"6":{"start":{"line":10,"column":2},"end":{"line":10,"column":21}},"7":{"start":{"line":11,"column":2},"end":{"line":11,"column":27}},"8":{"start":{"line":12,"column":2},"end":{"line":12,"column":43}},"9":{"start":{"line":13,"column":2},"end":{"line":13,"column":20}},"10":{"start":{"line":3,"column":0},"end":{"line":3,"column":22}},"11":{"start":{"line":18,"column":1},"end":{"line":18,"column":53}},"12":{"start":{"line":17,"column":0},"end":{"line":17,"column":22}}},"fnMap":{"0":{"name":"up","decl":{"start":{"line":3,"column":22},"end":{"line":3,"column":24}},"loc":{"start":{"line":3,"column":35},"end":{"line":15,"column":null}}},"1":{"name":"(anonymous_9)","decl":{"start":{"line":4,"column":47},"end":{"line":4,"column":50}},"loc":{"start":{"line":4,"column":53},"end":{"line":14,"column":2}}},"2":{"name":"down","decl":{"start":{"line":17,"column":22},"end":{"line":17,"column":26}},"loc":{"start":{"line":17,"column":37},"end":{"line":19,"column":null}}}},"branchMap":{},"s":{"0":2,"1":2,"2":2,"3":2,"4":2,"5":2,"6":2,"7":2,"8":2,"9":2,"10":2,"11":0,"12":2},"f":{"0":2,"1":2,"2":0},"b":{}}
,"/Users/jtamedrano/Projects/bolt/bolt_backend/tests/resolvers/mutation_templates.ts": {"path":"/Users/jtamedrano/Projects/bolt/bolt_backend/tests/resolvers/mutation_templates.ts","statementMap":{"0":{"start":{"line":1,"column":0},"end":{"line":1,"column":30}},"1":{"start":{"line":5,"column":13},"end":{"line":18,"column":2}},"2":{"start":{"line":28,"column":0},"end":{"line":28,"column":null}},"3":{"start":{"line":29,"column":14},"end":{"line":44,"column":3}},"4":{"start":{"line":45,"column":14},"end":{"line":49,"column":3}},"5":{"start":{"line":51,"column":9},"end":{"line":51,"column":27}}},"fnMap":{"0":{"name":"(anonymous_1)","decl":{"start":{"line":28,"column":0},"end":{"line":28,"column":10}},"loc":{"start":{"line":28,"column":28},"end":{"line":50,"column":1}}}},"branchMap":{"0":{"loc":{"start":{"line":28,"column":10},"end":{"line":28,"column":28}},"type":"binary-expr","locations":[{"start":{"line":28,"column":10},"end":{"line":28,"column":28}},{"start":{"line":28,"column":10},"end":{"line":28,"column":null}}]}},"s":{"0":2,"1":2,"2":2,"3":2,"4":2,"5":2},"f":{"0":2},"b":{"0":[2,2]}}
,"/Users/jtamedrano/Projects/bolt/bolt_backend/tests/utils/initDB.ts": {"path":"/Users/jtamedrano/Projects/bolt/bolt_backend/tests/utils/initDB.ts","statementMap":{"0":{"start":{"line":1,"column":0},"end":{"line":1,"column":24}},"1":{"start":{"line":3,"column":0},"end":{"line":3,"column":34}},"2":{"start":{"line":4,"column":15},"end":{"line":4,"column":37}},"3":{"start":{"line":6,"column":0},"end":{"line":12,"column":2}},"4":{"start":{"line":6,"column":41},"end":{"line":12,"column":2}},"5":{"start":{"line":7,"column":14},"end":{"line":7,"column":38}},"6":{"start":{"line":9,"column":1},"end":{"line":9,"column":18}},"7":{"start":{"line":11,"column":1},"end":{"line":11,"column":13}}},"fnMap":{"0":{"name":"(anonymous_8)","decl":{"start":{"line":6,"column":15},"end":{"line":6,"column":39}},"loc":{"start":{"line":6,"column":41},"end":{"line":12,"column":2}}},"1":{"name":"(anonymous_9)","decl":{"start":{"line":6,"column":41},"end":{"line":6,"column":null}},"loc":{"start":{"line":6,"column":41},"end":{"line":12,"column":1}}}},"branchMap":{},"s":{"0":2,"1":2,"2":2,"3":2,"4":2,"5":2,"6":2,"7":2},"f":{"0":2,"1":2},"b":{}}
,"/Users/jtamedrano/Projects/bolt/bolt_backend/tests/utils/setupServer.ts": {"path":"/Users/jtamedrano/Projects/bolt/bolt_backend/tests/utils/setupServer.ts","statementMap":{"0":{"start":{"line":1,"column":0},"end":{"line":1,"column":53}},"1":{"start":{"line":2,"column":0},"end":{"line":2,"column":53}},"2":{"start":{"line":3,"column":0},"end":{"line":3,"column":54}},"3":{"start":{"line":4,"column":0},"end":{"line":4,"column":28}},"4":{"start":{"line":5,"column":0},"end":{"line":5,"column":68}},"5":{"start":{"line":6,"column":0},"end":{"line":6,"column":48}},"6":{"start":{"line":7,"column":0},"end":{"line":7,"column":59}},"7":{"start":{"line":11,"column":27},"end":{"line":25,"column":1}},"8":{"start":{"line":12,"column":1},"end":{"line":12,"column":17}},"9":{"start":{"line":13,"column":1},"end":{"line":13,"column":20}},"10":{"start":{"line":15,"column":16},"end":{"line":22,"column":3}},"11":{"start":{"line":18,"column":71},"end":{"line":21,"column":null}},"12":{"start":{"line":19,"column":3},"end":{"line":19,"column":34}},"13":{"start":{"line":20,"column":3},"end":{"line":20,"column":59}},"14":{"start":{"line":24,"column":1},"end":{"line":24,"column":15}},"15":{"start":{"line":11,"column":13},"end":{"line":11,"column":27}}},"fnMap":{"0":{"name":"(anonymous_8)","decl":{"start":{"line":11,"column":27},"end":{"line":11,"column":44}},"loc":{"start":{"line":11,"column":46},"end":{"line":25,"column":1}}},"1":{"name":"(anonymous_9)","decl":{"start":{"line":18,"column":11},"end":{"line":18,"column":18}},"loc":{"start":{"line":18,"column":71},"end":{"line":21,"column":null}}},"2":{"name":"(anonymous_10)","decl":{"start":{"line":18,"column":71},"end":{"line":18,"column":null}},"loc":{"start":{"line":18,"column":71},"end":{"line":21,"column":3}}}},"branchMap":{},"s":{"0":2,"1":2,"2":2,"3":2,"4":2,"5":2,"6":2,"7":2,"8":3,"9":3,"10":3,"11":3,"12":3,"13":3,"14":3,"15":2},"f":{"0":3,"1":3,"2":3},"b":{}}
}
